# JRE version: OpenJDK Runtime Environment AdoptOpenJDK-dcevm-11.0.11+1-202105021744 (11.0.11+1) (build 11.0.11+1-202105021744)
# Java VM: Dynamic Code Evolution 64-Bit Server VM AdoptOpenJDK-dcevm-11.0.11+1-202105021744 (11.0.11+1-202105021744, mixed mode, tiered, compressed oops, g1 gc, linux-amd64)
Heap:
 garbage-first heap   total 37888K, used 16022K [0x0000000707000000, 0x0000000800000000)
  region size 1024K, 7 young (7168K), 1 survivors (1024K)
 Metaspace       used 35191K, capacity 36226K, committed 36348K, reserved 1081344K
  class space    used 3460K, capacity 3812K, committed 3916K, reserved 1048576K
GC Heap History (20 events):
Event: 3,178 GC heap before
{Heap before GC invocations=10 (full 2):
 garbage-first heap   total 27648K, used 13575K [0x0000000707000000, 0x0000000800000000)
  region size 1024K, 5 young (5120K), 1 survivors (1024K)
 Metaspace       used 32958K, capacity 33665K, committed 34044K, reserved 1079296K
  class space    used 3342K, capacity 3632K, committed 3660K, reserved 1048576K
}
Event: 3,179 GC heap after
{Heap after GC invocations=11 (full 2):
 garbage-first heap   total 27648K, used 11399K [0x0000000707000000, 0x0000000800000000)
  region size 1024K, 1 young (1024K), 1 survivors (1024K)
 Metaspace       used 32958K, capacity 33665K, committed 34044K, reserved 1079296K
  class space    used 3342K, capacity 3632K, committed 3660K, reserved 1048576K
}
Event: 3,211 GC heap before
{Heap before GC invocations=12 (full 2):
 garbage-first heap   total 27648K, used 19591K [0x0000000707000000, 0x0000000800000000)
  region size 1024K, 8 young (8192K), 1 survivors (1024K)
 Metaspace       used 32958K, capacity 33665K, committed 34044K, reserved 1079296K
  class space    used 3342K, capacity 3632K, committed 3660K, reserved 1048576K
}
Event: 3,211 GC heap after
{Heap after GC invocations=13 (full 2):
 garbage-first heap   total 27648K, used 12447K [0x0000000707000000, 0x0000000800000000)
  region size 1024K, 1 young (1024K), 1 survivors (1024K)
 Metaspace       used 32958K, capacity 33665K, committed 34044K, reserved 1079296K
  class space    used 3342K, capacity 3632K, committed 3660K, reserved 1048576K
}
Event: 3,239 GC heap before
{Heap before GC invocations=13 (full 2):
 garbage-first heap   total 27648K, used 18591K [0x0000000707000000, 0x0000000800000000)
  region size 1024K, 8 young (8192K), 1 survivors (1024K)
 Metaspace       used 32958K, capacity 33665K, committed 34044K, reserved 1079296K
  class space    used 3342K, capacity 3632K, committed 3660K, reserved 1048576K
}
Event: 3,239 GC heap after
{Heap after GC invocations=14 (full 2):
 garbage-first heap   total 27648K, used 12423K [0x0000000707000000, 0x0000000800000000)
  region size 1024K, 1 young (1024K), 1 survivors (1024K)
 Metaspace       used 32958K, capacity 33665K, committed 34044K, reserved 1079296K
  class space    used 3342K, capacity 3632K, committed 3660K, reserved 1048576K
}
Event: 3,248 GC heap before
{Heap before GC invocations=15 (full 2):
 garbage-first heap   total 27648K, used 13447K [0x0000000707000000, 0x0000000800000000)
  region size 1024K, 3 young (3072K), 1 survivors (1024K)
 Metaspace       used 32958K, capacity 33665K, committed 34044K, reserved 1079296K
  class space    used 3342K, capacity 3632K, committed 3660K, reserved 1048576K
}
Event: 3,249 GC heap after
{Heap after GC invocations=16 (full 2):
 garbage-first heap   total 27648K, used 12419K [0x0000000707000000, 0x0000000800000000)
  region size 1024K, 1 young (1024K), 1 survivors (1024K)
 Metaspace       used 32958K, capacity 33665K, committed 34044K, reserved 1079296K
  class space    used 3342K, capacity 3632K, committed 3660K, reserved 1048576K
}
Event: 3,277 GC heap before
{Heap before GC invocations=17 (full 2):
 garbage-first heap   total 27648K, used 23683K [0x0000000707000000, 0x0000000800000000)
  region size 1024K, 8 young (8192K), 1 survivors (1024K)
 Metaspace       used 32962K, capacity 33665K, committed 34044K, reserved 1079296K
  class space    used 3343K, capacity 3632K, committed 3660K, reserved 1048576K
}
Event: 3,279 GC heap after
{Heap after GC invocations=18 (full 2):
 garbage-first heap   total 142336K, used 14491K [0x0000000707000000, 0x0000000800000000)
  region size 1024K, 1 young (1024K), 1 survivors (1024K)
 Metaspace       used 32962K, capacity 33665K, committed 34044K, reserved 1079296K
  class space    used 3343K, capacity 3632K, committed 3660K, reserved 1048576K
}
Event: 3,606 GC heap before
{Heap before GC invocations=18 (full 2):
 garbage-first heap   total 142336K, used 103579K [0x0000000707000000, 0x0000000800000000)
  region size 1024K, 81 young (82944K), 1 survivors (1024K)
 Metaspace       used 32970K, capacity 33665K, committed 34044K, reserved 1079296K
  class space    used 3343K, capacity 3632K, committed 3660K, reserved 1048576K
}
Event: 3,606 GC heap after
{Heap after GC invocations=19 (full 2):
 garbage-first heap   total 142336K, used 17553K [0x0000000707000000, 0x0000000800000000)
  region size 1024K, 1 young (1024K), 1 survivors (1024K)
 Metaspace       used 32970K, capacity 33665K, committed 34044K, reserved 1079296K
  class space    used 3343K, capacity 3632K, committed 3660K, reserved 1048576K
}
Event: 3,802 GC heap before
{Heap before GC invocations=19 (full 2):
 garbage-first heap   total 142336K, used 122001K [0x0000000707000000, 0x0000000800000000)
  region size 1024K, 83 young (84992K), 1 survivors (1024K)
 Metaspace       used 33151K, capacity 33832K, committed 34172K, reserved 1079296K
  class space    used 3358K, capacity 3666K, committed 3788K, reserved 1048576K
}
Event: 3,803 GC heap after
{Heap after GC invocations=20 (full 2):
 garbage-first heap   total 142336K, used 23988K [0x0000000707000000, 0x0000000800000000)
  region size 1024K, 1 young (1024K), 1 survivors (1024K)
 Metaspace       used 33151K, capacity 33832K, committed 34172K, reserved 1079296K
  class space    used 3358K, capacity 3666K, committed 3788K, reserved 1048576K
}
Event: 3,845 GC heap before
{Heap before GC invocations=20 (full 2):
 garbage-first heap   total 142336K, used 68020K [0x0000000707000000, 0x0000000800000000)
  region size 1024K, 45 young (46080K), 1 survivors (1024K)
 Metaspace       used 33250K, capacity 33960K, committed 34428K, reserved 1079296K
  class space    used 3365K, capacity 3666K, committed 3788K, reserved 1048576K
}
Event: 3,860 GC heap after
{Heap after GC invocations=21 (full 3):
 garbage-first heap   total 37888K, used 10234K [0x0000000707000000, 0x0000000800000000)
  region size 1024K, 0 young (0K), 0 survivors (0K)
 Metaspace       used 33250K, capacity 33960K, committed 34428K, reserved 1079296K
  class space    used 3365K, capacity 3666K, committed 3788K, reserved 1048576K
}
Event: 11,314 GC heap before
{Heap before GC invocations=21 (full 3):
 garbage-first heap   total 37888K, used 28666K [0x0000000707000000, 0x0000000800000000)
  region size 1024K, 18 young (18432K), 0 survivors (0K)
 Metaspace       used 34986K, capacity 36024K, committed 36348K, reserved 1081344K
  class space    used 3458K, capacity 3811K, committed 3916K, reserved 1048576K
}
Event: 11,316 GC heap after
{Heap after GC invocations=22 (full 3):
 garbage-first heap   total 37888K, used 10869K [0x0000000707000000, 0x0000000800000000)
  region size 1024K, 1 young (1024K), 1 survivors (1024K)
 Metaspace       used 34986K, capacity 36024K, committed 36348K, reserved 1081344K
  class space    used 3458K, capacity 3811K, committed 3916K, reserved 1048576K
}
Event: 39,785 GC heap before
{Heap before GC invocations=22 (full 3):
 garbage-first heap   total 37888K, used 29301K [0x0000000707000000, 0x0000000800000000)
  region size 1024K, 19 young (19456K), 1 survivors (1024K)
 Metaspace       used 35191K, capacity 36226K, committed 36348K, reserved 1081344K
  class space    used 3460K, capacity 3812K, committed 3916K, reserved 1048576K
}
Event: 39,786 GC heap after
{Heap after GC invocations=23 (full 3):
 garbage-first heap   total 37888K, used 10902K [0x0000000707000000, 0x0000000800000000)
  region size 1024K, 1 young (1024K), 1 survivors (1024K)
 Metaspace       used 35191K, capacity 36226K, committed 36348K, reserved 1081344K
  class space    used 3460K, capacity 3812K, committed 3916K, reserved 1048576K
}

