# JRE version: OpenJDK Runtime Environment AdoptOpenJDK-dcevm-11.0.11+1-202105021744 (11.0.11+1) (build 11.0.11+1-202105021744)
# Java VM: Dynamic Code Evolution 64-Bit Server VM AdoptOpenJDK-dcevm-11.0.11+1-202105021744 (11.0.11+1-202105021744, mixed mode, tiered, compressed oops, g1 gc, linux-amd64)
Heap:
 garbage-first heap   total 142336K, used 77288K [0x0000000707000000, 0x0000000800000000)
  region size 1024K, 54 young (55296K), 1 survivors (1024K)
 Metaspace       used 34675K, capacity 35597K, committed 35760K, reserved 1081344K
  class space    used 3432K, capacity 3742K, committed 3840K, reserved 1048576K
GC Heap History (20 events):
Event: 2,754 GC heap before
{Heap before GC invocations=8 (full 3):
 garbage-first heap   total 27648K, used 17306K [0x0000000707000000, 0x0000000800000000)
  region size 1024K, 10 young (10240K), 1 survivors (1024K)
 Metaspace       used 33009K, capacity 33700K, committed 34096K, reserved 1079296K
  class space    used 3351K, capacity 3665K, committed 3712K, reserved 1048576K
}
Event: 2,755 GC heap after
{Heap after GC invocations=9 (full 3):
 garbage-first heap   total 27648K, used 10571K [0x0000000707000000, 0x0000000800000000)
  region size 1024K, 2 young (2048K), 2 survivors (2048K)
 Metaspace       used 33009K, capacity 33700K, committed 34096K, reserved 1079296K
  class space    used 3351K, capacity 3665K, committed 3712K, reserved 1048576K
}
Event: 2,787 GC heap before
{Heap before GC invocations=9 (full 3):
 garbage-first heap   total 27648K, used 18763K [0x0000000707000000, 0x0000000800000000)
  region size 1024K, 10 young (10240K), 2 survivors (2048K)
 Metaspace       used 33029K, capacity 33700K, committed 34096K, reserved 1079296K
  class space    used 3352K, capacity 3665K, committed 3712K, reserved 1048576K
}
Event: 2,788 GC heap after
{Heap after GC invocations=10 (full 3):
 garbage-first heap   total 27648K, used 11602K [0x0000000707000000, 0x0000000800000000)
  region size 1024K, 1 young (1024K), 1 survivors (1024K)
 Metaspace       used 33029K, capacity 33700K, committed 34096K, reserved 1079296K
  class space    used 3352K, capacity 3665K, committed 3712K, reserved 1048576K
}
Event: 2,810 GC heap before
{Heap before GC invocations=10 (full 3):
 garbage-first heap   total 27648K, used 14674K [0x0000000707000000, 0x0000000800000000)
  region size 1024K, 6 young (6144K), 1 survivors (1024K)
 Metaspace       used 33029K, capacity 33700K, committed 34096K, reserved 1079296K
  class space    used 3352K, capacity 3665K, committed 3712K, reserved 1048576K
}
Event: 2,811 GC heap after
{Heap after GC invocations=11 (full 3):
 garbage-first heap   total 27648K, used 11546K [0x0000000707000000, 0x0000000800000000)
  region size 1024K, 1 young (1024K), 1 survivors (1024K)
 Metaspace       used 33029K, capacity 33700K, committed 34096K, reserved 1079296K
  class space    used 3352K, capacity 3665K, committed 3712K, reserved 1048576K
}
Event: 2,846 GC heap before
{Heap before GC invocations=12 (full 3):
 garbage-first heap   total 27648K, used 20762K [0x0000000707000000, 0x0000000800000000)
  region size 1024K, 9 young (9216K), 1 survivors (1024K)
 Metaspace       used 33029K, capacity 33700K, committed 34096K, reserved 1079296K
  class space    used 3352K, capacity 3665K, committed 3712K, reserved 1048576K
}
Event: 2,847 GC heap after
{Heap after GC invocations=13 (full 3):
 garbage-first heap   total 27648K, used 12588K [0x0000000707000000, 0x0000000800000000)
  region size 1024K, 1 young (1024K), 1 survivors (1024K)
 Metaspace       used 33029K, capacity 33700K, committed 34096K, reserved 1079296K
  class space    used 3352K, capacity 3665K, committed 3712K, reserved 1048576K
}
Event: 2,866 GC heap before
{Heap before GC invocations=13 (full 3):
 garbage-first heap   total 27648K, used 19756K [0x0000000707000000, 0x0000000800000000)
  region size 1024K, 8 young (8192K), 1 survivors (1024K)
 Metaspace       used 33029K, capacity 33700K, committed 34096K, reserved 1079296K
  class space    used 3352K, capacity 3665K, committed 3712K, reserved 1048576K
}
Event: 2,866 GC heap after
{Heap after GC invocations=14 (full 3):
 garbage-first heap   total 27648K, used 12585K [0x0000000707000000, 0x0000000800000000)
  region size 1024K, 1 young (1024K), 1 survivors (1024K)
 Metaspace       used 33029K, capacity 33700K, committed 34096K, reserved 1079296K
  class space    used 3352K, capacity 3665K, committed 3712K, reserved 1048576K
}
Event: 2,891 GC heap before
{Heap before GC invocations=15 (full 3):
 garbage-first heap   total 27648K, used 23849K [0x0000000707000000, 0x0000000800000000)
  region size 1024K, 9 young (9216K), 1 survivors (1024K)
 Metaspace       used 33029K, capacity 33700K, committed 34096K, reserved 1079296K
  class space    used 3352K, capacity 3665K, committed 3712K, reserved 1048576K
}
Event: 2,892 GC heap after
{Heap after GC invocations=16 (full 3):
 garbage-first heap   total 27648K, used 14609K [0x0000000707000000, 0x0000000800000000)
  region size 1024K, 1 young (1024K), 1 survivors (1024K)
 Metaspace       used 33029K, capacity 33700K, committed 34096K, reserved 1079296K
  class space    used 3352K, capacity 3665K, committed 3712K, reserved 1048576K
}
Event: 2,909 GC heap before
{Heap before GC invocations=16 (full 3):
 garbage-first heap   total 27648K, used 19729K [0x0000000707000000, 0x0000000800000000)
  region size 1024K, 7 young (7168K), 1 survivors (1024K)
 Metaspace       used 33029K, capacity 33700K, committed 34096K, reserved 1079296K
  class space    used 3352K, capacity 3665K, committed 3712K, reserved 1048576K
}
Event: 2,910 GC heap after
{Heap after GC invocations=17 (full 3):
 garbage-first heap   total 27648K, used 14599K [0x0000000707000000, 0x0000000800000000)
  region size 1024K, 1 young (1024K), 1 survivors (1024K)
 Metaspace       used 33029K, capacity 33700K, committed 34096K, reserved 1079296K
  class space    used 3352K, capacity 3665K, committed 3712K, reserved 1048576K
}
Event: 2,932 GC heap before
{Heap before GC invocations=18 (full 3):
 garbage-first heap   total 27648K, used 20743K [0x0000000707000000, 0x0000000800000000)
  region size 1024K, 8 young (8192K), 1 survivors (1024K)
 Metaspace       used 33029K, capacity 33700K, committed 34096K, reserved 1079296K
  class space    used 3352K, capacity 3665K, committed 3712K, reserved 1048576K
}
Event: 2,933 GC heap after
{Heap after GC invocations=19 (full 3):
 garbage-first heap   total 142336K, used 14584K [0x0000000707000000, 0x0000000800000000)
  region size 1024K, 1 young (1024K), 1 survivors (1024K)
 Metaspace       used 33029K, capacity 33700K, committed 34096K, reserved 1079296K
  class space    used 3352K, capacity 3665K, committed 3712K, reserved 1048576K
}
Event: 3,167 GC heap before
{Heap before GC invocations=19 (full 3):
 garbage-first heap   total 142336K, used 119032K [0x0000000707000000, 0x0000000800000000)
  region size 1024K, 83 young (84992K), 1 survivors (1024K)
 Metaspace       used 33037K, capacity 33700K, committed 34096K, reserved 1079296K
  class space    used 3352K, capacity 3665K, committed 3712K, reserved 1048576K
}
Event: 3,168 GC heap after
{Heap after GC invocations=20 (full 3):
 garbage-first heap   total 142336K, used 23796K [0x0000000707000000, 0x0000000800000000)
  region size 1024K, 1 young (1024K), 1 survivors (1024K)
 Metaspace       used 33037K, capacity 33700K, committed 34096K, reserved 1079296K
  class space    used 3352K, capacity 3665K, committed 3712K, reserved 1048576K
}
Event: 3,330 GC heap before
{Heap before GC invocations=20 (full 3):
 garbage-first heap   total 142336K, used 114932K [0x0000000707000000, 0x0000000800000000)
  region size 1024K, 83 young (84992K), 1 survivors (1024K)
 Metaspace       used 33229K, capacity 33898K, committed 34352K, reserved 1079296K
  class space    used 3367K, capacity 3667K, committed 3712K, reserved 1048576K
}
Event: 3,331 GC heap after
{Heap after GC invocations=21 (full 3):
 garbage-first heap   total 142336K, used 24040K [0x0000000707000000, 0x0000000800000000)
  region size 1024K, 1 young (1024K), 1 survivors (1024K)
 Metaspace       used 33229K, capacity 33898K, committed 34352K, reserved 1079296K
  class space    used 3367K, capacity 3667K, committed 3712K, reserved 1048576K
}

