# JRE version: OpenJDK Runtime Environment AdoptOpenJDK-dcevm-11.0.11+1-202105021744 (11.0.11+1) (build 11.0.11+1-202105021744)
# Java VM: Dynamic Code Evolution 64-Bit Server VM AdoptOpenJDK-dcevm-11.0.11+1-202105021744 (11.0.11+1-202105021744, mixed mode, tiered, compressed oops, g1 gc, linux-amd64)
Heap:
 garbage-first heap   total 40960K, used 29044K [0x0000000707000000, 0x0000000800000000)
  region size 1024K, 17 young (17408K), 3 survivors (3072K)
 Metaspace       used 35767K, capacity 36814K, committed 36864K, reserved 1083392K
  class space    used 3480K, capacity 3812K, committed 3840K, reserved 1048576K
GC Heap History (20 events):
Event: 3,463 GC heap before
{Heap before GC invocations=26 (full 2):
 garbage-first heap   total 142336K, used 35796K [0x0000000707000000, 0x0000000800000000)
  region size 1024K, 5 young (5120K), 1 survivors (1024K)
 Metaspace       used 33196K, capacity 33894K, committed 34176K, reserved 1079296K
  class space    used 3354K, capacity 3666K, committed 3712K, reserved 1048576K
}
Event: 3,478 GC heap after
{Heap after GC invocations=27 (full 3):
 garbage-first heap   total 40960K, used 12039K [0x0000000707000000, 0x0000000800000000)
  region size 1024K, 0 young (0K), 0 survivors (0K)
 Metaspace       used 33196K, capacity 33894K, committed 34176K, reserved 1079296K
  class space    used 3354K, capacity 3666K, committed 3712K, reserved 1048576K
}
Event: 4,006 GC heap before
{Heap before GC invocations=27 (full 3):
 garbage-first heap   total 40960K, used 33543K [0x0000000707000000, 0x0000000800000000)
  region size 1024K, 22 young (22528K), 0 survivors (0K)
 Metaspace       used 34656K, capacity 35457K, committed 35584K, reserved 1081344K
  class space    used 3464K, capacity 3792K, committed 3840K, reserved 1048576K
}
Event: 4,015 GC heap after
{Heap after GC invocations=28 (full 3):
 garbage-first heap   total 40960K, used 12602K [0x0000000707000000, 0x0000000800000000)
  region size 1024K, 1 young (1024K), 1 survivors (1024K)
 Metaspace       used 34656K, capacity 35457K, committed 35584K, reserved 1081344K
  class space    used 3464K, capacity 3792K, committed 3840K, reserved 1048576K
}
Event: 8,239 GC heap before
{Heap before GC invocations=28 (full 3):
 garbage-first heap   total 40960K, used 34106K [0x0000000707000000, 0x0000000800000000)
  region size 1024K, 22 young (22528K), 1 survivors (1024K)
 Metaspace       used 35177K, capacity 36163K, committed 36352K, reserved 1081344K
  class space    used 3472K, capacity 3803K, committed 3840K, reserved 1048576K
}
Event: 8,241 GC heap after
{Heap after GC invocations=29 (full 3):
 garbage-first heap   total 40960K, used 12796K [0x0000000707000000, 0x0000000800000000)
  region size 1024K, 1 young (1024K), 1 survivors (1024K)
 Metaspace       used 35177K, capacity 36163K, committed 36352K, reserved 1081344K
  class space    used 3472K, capacity 3803K, committed 3840K, reserved 1048576K
}
Event: 21,688 GC heap before
{Heap before GC invocations=29 (full 3):
 garbage-first heap   total 40960K, used 34300K [0x0000000707000000, 0x0000000800000000)
  region size 1024K, 22 young (22528K), 1 survivors (1024K)
 Metaspace       used 35351K, capacity 36369K, committed 36608K, reserved 1081344K
  class space    used 3473K, capacity 3804K, committed 3840K, reserved 1048576K
}
Event: 21,689 GC heap after
{Heap after GC invocations=30 (full 3):
 garbage-first heap   total 40960K, used 12787K [0x0000000707000000, 0x0000000800000000)
  region size 1024K, 1 young (1024K), 1 survivors (1024K)
 Metaspace       used 35351K, capacity 36369K, committed 36608K, reserved 1081344K
  class space    used 3473K, capacity 3804K, committed 3840K, reserved 1048576K
}
Event: 38,906 GC heap before
{Heap before GC invocations=30 (full 3):
 garbage-first heap   total 40960K, used 34291K [0x0000000707000000, 0x0000000800000000)
  region size 1024K, 22 young (22528K), 1 survivors (1024K)
 Metaspace       used 35394K, capacity 36433K, committed 36608K, reserved 1081344K
  class space    used 3474K, capacity 3804K, committed 3840K, reserved 1048576K
}
Event: 38,907 GC heap after
{Heap after GC invocations=31 (full 3):
 garbage-first heap   total 40960K, used 13040K [0x0000000707000000, 0x0000000800000000)
  region size 1024K, 1 young (1024K), 1 survivors (1024K)
 Metaspace       used 35394K, capacity 36433K, committed 36608K, reserved 1081344K
  class space    used 3474K, capacity 3804K, committed 3840K, reserved 1048576K
}
Event: 38,946 GC heap before
{Heap before GC invocations=31 (full 3):
 garbage-first heap   total 40960K, used 33520K [0x0000000707000000, 0x0000000800000000)
  region size 1024K, 21 young (21504K), 1 survivors (1024K)
 Metaspace       used 35516K, capacity 36591K, committed 36864K, reserved 1083392K
  class space    used 3477K, capacity 3809K, committed 3840K, reserved 1048576K
}
Event: 38,948 GC heap after
{Heap after GC invocations=32 (full 3):
 garbage-first heap   total 40960K, used 13892K [0x0000000707000000, 0x0000000800000000)
  region size 1024K, 2 young (2048K), 2 survivors (2048K)
 Metaspace       used 35516K, capacity 36591K, committed 36864K, reserved 1083392K
  class space    used 3477K, capacity 3809K, committed 3840K, reserved 1048576K
}
Event: 39,003 GC heap before
{Heap before GC invocations=32 (full 3):
 garbage-first heap   total 40960K, used 33348K [0x0000000707000000, 0x0000000800000000)
  region size 1024K, 21 young (21504K), 2 survivors (2048K)
 Metaspace       used 35548K, capacity 36591K, committed 36864K, reserved 1083392K
  class space    used 3477K, capacity 3809K, committed 3840K, reserved 1048576K
}
Event: 39,005 GC heap after
{Heap after GC invocations=33 (full 3):
 garbage-first heap   total 40960K, used 14666K [0x0000000707000000, 0x0000000800000000)
  region size 1024K, 3 young (3072K), 3 survivors (3072K)
 Metaspace       used 35548K, capacity 36591K, committed 36864K, reserved 1083392K
  class space    used 3477K, capacity 3809K, committed 3840K, reserved 1048576K
}
Event: 39,049 GC heap before
{Heap before GC invocations=33 (full 3):
 garbage-first heap   total 40960K, used 31050K [0x0000000707000000, 0x0000000800000000)
  region size 1024K, 20 young (20480K), 3 survivors (3072K)
 Metaspace       used 35618K, capacity 36659K, committed 36864K, reserved 1083392K
  class space    used 3477K, capacity 3809K, committed 3840K, reserved 1048576K
}
Event: 39,050 GC heap after
{Heap after GC invocations=34 (full 3):
 garbage-first heap   total 40960K, used 15353K [0x0000000707000000, 0x0000000800000000)
  region size 1024K, 2 young (2048K), 2 survivors (2048K)
 Metaspace       used 35618K, capacity 36659K, committed 36864K, reserved 1083392K
  class space    used 3477K, capacity 3809K, committed 3840K, reserved 1048576K
}
Event: 39,093 GC heap before
{Heap before GC invocations=34 (full 3):
 garbage-first heap   total 40960K, used 33785K [0x0000000707000000, 0x0000000800000000)
  region size 1024K, 20 young (20480K), 2 survivors (2048K)
 Metaspace       used 35659K, capacity 36723K, committed 36864K, reserved 1083392K
  class space    used 3477K, capacity 3809K, committed 3840K, reserved 1048576K
}
Event: 39,094 GC heap after
{Heap after GC invocations=35 (full 3):
 garbage-first heap   total 40960K, used 16015K [0x0000000707000000, 0x0000000800000000)
  region size 1024K, 3 young (3072K), 3 survivors (3072K)
 Metaspace       used 35659K, capacity 36723K, committed 36864K, reserved 1083392K
  class space    used 3477K, capacity 3809K, committed 3840K, reserved 1048576K
}
Event: 39,129 GC heap before
{Heap before GC invocations=35 (full 3):
 garbage-first heap   total 40960K, used 31375K [0x0000000707000000, 0x0000000800000000)
  region size 1024K, 19 young (19456K), 3 survivors (3072K)
 Metaspace       used 35706K, capacity 36724K, committed 36864K, reserved 1083392K
  class space    used 3477K, capacity 3809K, committed 3840K, reserved 1048576K
}
Event: 39,130 GC heap after
{Heap after GC invocations=36 (full 3):
 garbage-first heap   total 40960K, used 16756K [0x0000000707000000, 0x0000000800000000)
  region size 1024K, 3 young (3072K), 3 survivors (3072K)
 Metaspace       used 35706K, capacity 36724K, committed 36864K, reserved 1083392K
  class space    used 3477K, capacity 3809K, committed 3840K, reserved 1048576K
}

