# JRE version: OpenJDK Runtime Environment AdoptOpenJDK-dcevm-11.0.11+1-202105021744 (11.0.11+1) (build 11.0.11+1-202105021744)
# Java VM: Dynamic Code Evolution 64-Bit Server VM AdoptOpenJDK-dcevm-11.0.11+1-202105021744 (11.0.11+1-202105021744, mixed mode, tiered, compressed oops, g1 gc, linux-amd64)
Heap:
 garbage-first heap   total 40960K, used 16914K [0x0000000707000000, 0x0000000800000000)
  region size 1024K, 7 young (7168K), 1 survivors (1024K)
 Metaspace       used 35266K, capacity 36250K, committed 36352K, reserved 1081344K
  class space    used 3482K, capacity 3804K, committed 3840K, reserved 1048576K
GC Heap History (20 events):
Event: 3,226 GC heap before
{Heap before GC invocations=15 (full 2):
 garbage-first heap   total 27648K, used 15343K [0x0000000707000000, 0x0000000800000000)
  region size 1024K, 5 young (5120K), 1 survivors (1024K)
 Metaspace       used 32915K, capacity 33631K, committed 33920K, reserved 1079296K
  class space    used 3347K, capacity 3664K, committed 3712K, reserved 1048576K
}
Event: 3,227 GC heap after
{Heap after GC invocations=16 (full 2):
 garbage-first heap   total 27648K, used 13293K [0x0000000707000000, 0x0000000800000000)
  region size 1024K, 1 young (1024K), 1 survivors (1024K)
 Metaspace       used 32915K, capacity 33631K, committed 33920K, reserved 1079296K
  class space    used 3347K, capacity 3664K, committed 3712K, reserved 1048576K
}
Event: 3,250 GC heap before
{Heap before GC invocations=17 (full 2):
 garbage-first heap   total 27648K, used 23533K [0x0000000707000000, 0x0000000800000000)
  region size 1024K, 8 young (8192K), 1 survivors (1024K)
 Metaspace       used 32915K, capacity 33631K, committed 33920K, reserved 1079296K
  class space    used 3347K, capacity 3664K, committed 3712K, reserved 1048576K
}
Event: 3,251 GC heap after
{Heap after GC invocations=18 (full 2):
 garbage-first heap   total 142336K, used 15361K [0x0000000707000000, 0x0000000800000000)
  region size 1024K, 1 young (1024K), 1 survivors (1024K)
 Metaspace       used 32915K, capacity 33631K, committed 33920K, reserved 1079296K
  class space    used 3347K, capacity 3664K, committed 3712K, reserved 1048576K
}
Event: 3,492 GC heap before
{Heap before GC invocations=18 (full 2):
 garbage-first heap   total 142336K, used 103425K [0x0000000707000000, 0x0000000800000000)
  region size 1024K, 80 young (81920K), 1 survivors (1024K)
 Metaspace       used 32928K, capacity 33631K, committed 33920K, reserved 1079296K
  class space    used 3348K, capacity 3664K, committed 3712K, reserved 1048576K
}
Event: 3,492 GC heap after
{Heap after GC invocations=19 (full 2):
 garbage-first heap   total 142336K, used 18441K [0x0000000707000000, 0x0000000800000000)
  region size 1024K, 1 young (1024K), 1 survivors (1024K)
 Metaspace       used 32928K, capacity 33631K, committed 33920K, reserved 1079296K
  class space    used 3348K, capacity 3664K, committed 3712K, reserved 1048576K
}
Event: 3,595 GC heap before
{Heap before GC invocations=19 (full 2):
 garbage-first heap   total 142336K, used 63497K [0x0000000707000000, 0x0000000800000000)
  region size 1024K, 26 young (26624K), 1 survivors (1024K)
 Metaspace       used 33066K, capacity 33798K, committed 34176K, reserved 1079296K
  class space    used 3361K, capacity 3698K, committed 3712K, reserved 1048576K
}
Event: 3,610 GC heap after
{Heap after GC invocations=20 (full 3):
 garbage-first heap   total 40960K, used 11010K [0x0000000707000000, 0x0000000800000000)
  region size 1024K, 0 young (0K), 0 survivors (0K)
 Metaspace       used 33066K, capacity 33798K, committed 34176K, reserved 1079296K
  class space    used 3361K, capacity 3698K, committed 3712K, reserved 1048576K
}
Event: 4,141 GC heap before
{Heap before GC invocations=20 (full 3):
 garbage-first heap   total 40960K, used 29442K [0x0000000707000000, 0x0000000800000000)
  region size 1024K, 19 young (19456K), 0 survivors (0K)
 Metaspace       used 34524K, capacity 35262K, committed 35584K, reserved 1081344K
  class space    used 3471K, capacity 3792K, committed 3840K, reserved 1048576K
}
Event: 4,144 GC heap after
{Heap after GC invocations=21 (full 3):
 garbage-first heap   total 40960K, used 11566K [0x0000000707000000, 0x0000000800000000)
  region size 1024K, 1 young (1024K), 1 survivors (1024K)
 Metaspace       used 34524K, capacity 35262K, committed 35584K, reserved 1081344K
  class space    used 3471K, capacity 3792K, committed 3840K, reserved 1048576K
}
Event: 6,430 GC heap before
{Heap before GC invocations=21 (full 3):
 garbage-first heap   total 40960K, used 31022K [0x0000000707000000, 0x0000000800000000)
  region size 1024K, 20 young (20480K), 1 survivors (1024K)
 Metaspace       used 34932K, capacity 35866K, committed 36096K, reserved 1081344K
  class space    used 3474K, capacity 3796K, committed 3840K, reserved 1048576K
}
Event: 6,432 GC heap after
{Heap after GC invocations=22 (full 3):
 garbage-first heap   total 40960K, used 11615K [0x0000000707000000, 0x0000000800000000)
  region size 1024K, 1 young (1024K), 1 survivors (1024K)
 Metaspace       used 34932K, capacity 35866K, committed 36096K, reserved 1081344K
  class space    used 3474K, capacity 3796K, committed 3840K, reserved 1048576K
}
Event: 15,329 GC heap before
{Heap before GC invocations=22 (full 3):
 garbage-first heap   total 40960K, used 30047K [0x0000000707000000, 0x0000000800000000)
  region size 1024K, 20 young (20480K), 1 survivors (1024K)
 Metaspace       used 35215K, capacity 36242K, committed 36352K, reserved 1081344K
  class space    used 3481K, capacity 3804K, committed 3840K, reserved 1048576K
}
Event: 15,330 GC heap after
{Heap after GC invocations=23 (full 3):
 garbage-first heap   total 40960K, used 11774K [0x0000000707000000, 0x0000000800000000)
  region size 1024K, 1 young (1024K), 1 survivors (1024K)
 Metaspace       used 35215K, capacity 36242K, committed 36352K, reserved 1081344K
  class space    used 3481K, capacity 3804K, committed 3840K, reserved 1048576K
}
Event: 24,295 GC heap before
{Heap before GC invocations=23 (full 3):
 garbage-first heap   total 40960K, used 31230K [0x0000000707000000, 0x0000000800000000)
  region size 1024K, 20 young (20480K), 1 survivors (1024K)
 Metaspace       used 35248K, capacity 36242K, committed 36352K, reserved 1081344K
  class space    used 3481K, capacity 3804K, committed 3840K, reserved 1048576K
}
Event: 24,296 GC heap after
{Heap after GC invocations=24 (full 3):
 garbage-first heap   total 40960K, used 11787K [0x0000000707000000, 0x0000000800000000)
  region size 1024K, 1 young (1024K), 1 survivors (1024K)
 Metaspace       used 35248K, capacity 36242K, committed 36352K, reserved 1081344K
  class space    used 3481K, capacity 3804K, committed 3840K, reserved 1048576K
}
Event: 34,162 GC heap before
{Heap before GC invocations=24 (full 3):
 garbage-first heap   total 40960K, used 31243K [0x0000000707000000, 0x0000000800000000)
  region size 1024K, 20 young (20480K), 1 survivors (1024K)
 Metaspace       used 35262K, capacity 36250K, committed 36352K, reserved 1081344K
  class space    used 3481K, capacity 3804K, committed 3840K, reserved 1048576K
}
Event: 34,164 GC heap after
{Heap after GC invocations=25 (full 3):
 garbage-first heap   total 40960K, used 11791K [0x0000000707000000, 0x0000000800000000)
  region size 1024K, 1 young (1024K), 1 survivors (1024K)
 Metaspace       used 35262K, capacity 36250K, committed 36352K, reserved 1081344K
  class space    used 3481K, capacity 3804K, committed 3840K, reserved 1048576K
}
Event: 63,035 GC heap before
{Heap before GC invocations=25 (full 3):
 garbage-first heap   total 40960K, used 31247K [0x0000000707000000, 0x0000000800000000)
  region size 1024K, 20 young (20480K), 1 survivors (1024K)
 Metaspace       used 35265K, capacity 36250K, committed 36352K, reserved 1081344K
  class space    used 3482K, capacity 3804K, committed 3840K, reserved 1048576K
}
Event: 63,036 GC heap after
{Heap after GC invocations=26 (full 3):
 garbage-first heap   total 40960K, used 11794K [0x0000000707000000, 0x0000000800000000)
  region size 1024K, 1 young (1024K), 1 survivors (1024K)
 Metaspace       used 35265K, capacity 36250K, committed 36352K, reserved 1081344K
  class space    used 3482K, capacity 3804K, committed 3840K, reserved 1048576K
}

