# JRE version: OpenJDK Runtime Environment AdoptOpenJDK-dcevm-11.0.11+1-202105021744 (11.0.11+1) (build 11.0.11+1-202105021744)
# Java VM: Dynamic Code Evolution 64-Bit Server VM AdoptOpenJDK-dcevm-11.0.11+1-202105021744 (11.0.11+1-202105021744, mixed mode, tiered, compressed oops, g1 gc, linux-amd64)
Heap:
 garbage-first heap   total 37888K, used 9208K [0x0000000707200000, 0x0000000800000000)
  region size 1024K, 2 young (2048K), 1 survivors (1024K)
 Metaspace       used 33369K, capacity 34092K, committed 34432K, reserved 1079296K
  class space    used 3314K, capacity 3627K, committed 3712K, reserved 1048576K
GC Heap History (20 events):
Event: 4529,277 GC heap before
{Heap before GC invocations=31 (full 3):
 garbage-first heap   total 37888K, used 26600K [0x0000000707200000, 0x0000000800000000)
  region size 1024K, 18 young (18432K), 1 survivors (1024K)
 Metaspace       used 33356K, capacity 34092K, committed 34432K, reserved 1079296K
  class space    used 3314K, capacity 3627K, committed 3712K, reserved 1048576K
}
Event: 4529,278 GC heap after
{Heap after GC invocations=32 (full 3):
 garbage-first heap   total 37888K, used 9216K [0x0000000707200000, 0x0000000800000000)
  region size 1024K, 1 young (1024K), 1 survivors (1024K)
 Metaspace       used 33356K, capacity 34092K, committed 34432K, reserved 1079296K
  class space    used 3314K, capacity 3627K, committed 3712K, reserved 1048576K
}
Event: 5051,527 GC heap before
{Heap before GC invocations=32 (full 3):
 garbage-first heap   total 37888K, used 26624K [0x0000000707200000, 0x0000000800000000)
  region size 1024K, 18 young (18432K), 1 survivors (1024K)
 Metaspace       used 33356K, capacity 34092K, committed 34432K, reserved 1079296K
  class space    used 3314K, capacity 3627K, committed 3712K, reserved 1048576K
}
Event: 5051,528 GC heap after
{Heap after GC invocations=33 (full 3):
 garbage-first heap   total 37888K, used 9218K [0x0000000707200000, 0x0000000800000000)
  region size 1024K, 1 young (1024K), 1 survivors (1024K)
 Metaspace       used 33356K, capacity 34092K, committed 34432K, reserved 1079296K
  class space    used 3314K, capacity 3627K, committed 3712K, reserved 1048576K
}
Event: 5572,577 GC heap before
{Heap before GC invocations=33 (full 3):
 garbage-first heap   total 37888K, used 26626K [0x0000000707200000, 0x0000000800000000)
  region size 1024K, 18 young (18432K), 1 survivors (1024K)
 Metaspace       used 33356K, capacity 34092K, committed 34432K, reserved 1079296K
  class space    used 3314K, capacity 3627K, committed 3712K, reserved 1048576K
}
Event: 5572,578 GC heap after
{Heap after GC invocations=34 (full 3):
 garbage-first heap   total 37888K, used 9202K [0x0000000707200000, 0x0000000800000000)
  region size 1024K, 1 young (1024K), 1 survivors (1024K)
 Metaspace       used 33356K, capacity 34092K, committed 34432K, reserved 1079296K
  class space    used 3314K, capacity 3627K, committed 3712K, reserved 1048576K
}
Event: 6095,127 GC heap before
{Heap before GC invocations=34 (full 3):
 garbage-first heap   total 37888K, used 26610K [0x0000000707200000, 0x0000000800000000)
  region size 1024K, 18 young (18432K), 1 survivors (1024K)
 Metaspace       used 33362K, capacity 34092K, committed 34432K, reserved 1079296K
  class space    used 3314K, capacity 3627K, committed 3712K, reserved 1048576K
}
Event: 6095,128 GC heap after
{Heap after GC invocations=35 (full 3):
 garbage-first heap   total 37888K, used 9190K [0x0000000707200000, 0x0000000800000000)
  region size 1024K, 1 young (1024K), 1 survivors (1024K)
 Metaspace       used 33362K, capacity 34092K, committed 34432K, reserved 1079296K
  class space    used 3314K, capacity 3627K, committed 3712K, reserved 1048576K
}
Event: 6616,527 GC heap before
{Heap before GC invocations=35 (full 3):
 garbage-first heap   total 37888K, used 26598K [0x0000000707200000, 0x0000000800000000)
  region size 1024K, 18 young (18432K), 1 survivors (1024K)
 Metaspace       used 33363K, capacity 34092K, committed 34432K, reserved 1079296K
  class space    used 3314K, capacity 3627K, committed 3712K, reserved 1048576K
}
Event: 6616,528 GC heap after
{Heap after GC invocations=36 (full 3):
 garbage-first heap   total 37888K, used 9196K [0x0000000707200000, 0x0000000800000000)
  region size 1024K, 1 young (1024K), 1 survivors (1024K)
 Metaspace       used 33363K, capacity 34092K, committed 34432K, reserved 1079296K
  class space    used 3314K, capacity 3627K, committed 3712K, reserved 1048576K
}
Event: 7137,277 GC heap before
{Heap before GC invocations=36 (full 3):
 garbage-first heap   total 37888K, used 26604K [0x0000000707200000, 0x0000000800000000)
  region size 1024K, 18 young (18432K), 1 survivors (1024K)
 Metaspace       used 33363K, capacity 34092K, committed 34432K, reserved 1079296K
  class space    used 3314K, capacity 3627K, committed 3712K, reserved 1048576K
}
Event: 7137,278 GC heap after
{Heap after GC invocations=37 (full 3):
 garbage-first heap   total 37888K, used 9213K [0x0000000707200000, 0x0000000800000000)
  region size 1024K, 1 young (1024K), 1 survivors (1024K)
 Metaspace       used 33363K, capacity 34092K, committed 34432K, reserved 1079296K
  class space    used 3314K, capacity 3627K, committed 3712K, reserved 1048576K
}
Event: 7688,527 GC heap before
{Heap before GC invocations=37 (full 3):
 garbage-first heap   total 37888K, used 27645K [0x0000000707200000, 0x0000000800000000)
  region size 1024K, 19 young (19456K), 1 survivors (1024K)
 Metaspace       used 33369K, capacity 34092K, committed 34432K, reserved 1079296K
  class space    used 3314K, capacity 3627K, committed 3712K, reserved 1048576K
}
Event: 7688,528 GC heap after
{Heap after GC invocations=38 (full 3):
 garbage-first heap   total 37888K, used 9237K [0x0000000707200000, 0x0000000800000000)
  region size 1024K, 1 young (1024K), 1 survivors (1024K)
 Metaspace       used 33369K, capacity 34092K, committed 34432K, reserved 1079296K
  class space    used 3314K, capacity 3627K, committed 3712K, reserved 1048576K
}
Event: 8211,377 GC heap before
{Heap before GC invocations=38 (full 3):
 garbage-first heap   total 37888K, used 26645K [0x0000000707200000, 0x0000000800000000)
  region size 1024K, 18 young (18432K), 1 survivors (1024K)
 Metaspace       used 33369K, capacity 34092K, committed 34432K, reserved 1079296K
  class space    used 3314K, capacity 3627K, committed 3712K, reserved 1048576K
}
Event: 8211,378 GC heap after
{Heap after GC invocations=39 (full 3):
 garbage-first heap   total 37888K, used 9219K [0x0000000707200000, 0x0000000800000000)
  region size 1024K, 1 young (1024K), 1 survivors (1024K)
 Metaspace       used 33369K, capacity 34092K, committed 34432K, reserved 1079296K
  class space    used 3314K, capacity 3627K, committed 3712K, reserved 1048576K
}
Event: 8730,683 GC heap before
{Heap before GC invocations=39 (full 3):
 garbage-first heap   total 37888K, used 26627K [0x0000000707200000, 0x0000000800000000)
  region size 1024K, 18 young (18432K), 1 survivors (1024K)
 Metaspace       used 33369K, capacity 34092K, committed 34432K, reserved 1079296K
  class space    used 3314K, capacity 3627K, committed 3712K, reserved 1048576K
}
Event: 8730,687 GC heap after
{Heap after GC invocations=40 (full 3):
 garbage-first heap   total 37888K, used 9208K [0x0000000707200000, 0x0000000800000000)
  region size 1024K, 1 young (1024K), 1 survivors (1024K)
 Metaspace       used 33369K, capacity 34092K, committed 34432K, reserved 1079296K
  class space    used 3314K, capacity 3627K, committed 3712K, reserved 1048576K
}
Event: 9288,460 GC heap before
{Heap before GC invocations=40 (full 3):
 garbage-first heap   total 37888K, used 27640K [0x0000000707200000, 0x0000000800000000)
  region size 1024K, 19 young (19456K), 1 survivors (1024K)
 Metaspace       used 33369K, capacity 34092K, committed 34432K, reserved 1079296K
  class space    used 3314K, capacity 3627K, committed 3712K, reserved 1048576K
}
Event: 9288,468 GC heap after
{Heap after GC invocations=41 (full 3):
 garbage-first heap   total 37888K, used 9208K [0x0000000707200000, 0x0000000800000000)
  region size 1024K, 1 young (1024K), 1 survivors (1024K)
 Metaspace       used 33369K, capacity 34092K, committed 34432K, reserved 1079296K
  class space    used 3314K, capacity 3627K, committed 3712K, reserved 1048576K
}

