# JRE version: OpenJDK Runtime Environment AdoptOpenJDK-dcevm-11.0.11+1-202105021744 (11.0.11+1) (build 11.0.11+1-202105021744)
# Java VM: Dynamic Code Evolution 64-Bit Server VM AdoptOpenJDK-dcevm-11.0.11+1-202105021744 (11.0.11+1-202105021744, mixed mode, tiered, compressed oops, g1 gc, linux-amd64)
Heap:
 garbage-first heap   total 37888K, used 25324K [0x0000000707000000, 0x0000000800000000)
  region size 1024K, 16 young (16384K), 1 survivors (1024K)
 Metaspace       used 35500K, capacity 36432K, committed 36608K, reserved 1081344K
  class space    used 3491K, capacity 3804K, committed 3840K, reserved 1048576K
GC Heap History (20 events):
Event: 4,259 GC heap before
{Heap before GC invocations=15 (full 2):
 garbage-first heap   total 27648K, used 20561K [0x0000000707000000, 0x0000000800000000)
  region size 1024K, 8 young (8192K), 1 survivors (1024K)
 Metaspace       used 33092K, capacity 33823K, committed 34176K, reserved 1079296K
  class space    used 3350K, capacity 3664K, committed 3712K, reserved 1048576K
}
Event: 4,259 GC heap after
{Heap after GC invocations=16 (full 2):
 garbage-first heap   total 27648K, used 14439K [0x0000000707000000, 0x0000000800000000)
  region size 1024K, 1 young (1024K), 1 survivors (1024K)
 Metaspace       used 33092K, capacity 33823K, committed 34176K, reserved 1079296K
  class space    used 3350K, capacity 3664K, committed 3712K, reserved 1048576K
}
Event: 4,282 GC heap before
{Heap before GC invocations=17 (full 2):
 garbage-first heap   total 27648K, used 20583K [0x0000000707000000, 0x0000000800000000)
  region size 1024K, 8 young (8192K), 1 survivors (1024K)
 Metaspace       used 33092K, capacity 33823K, committed 34176K, reserved 1079296K
  class space    used 3350K, capacity 3664K, committed 3712K, reserved 1048576K
}
Event: 4,282 GC heap after
{Heap after GC invocations=18 (full 2):
 garbage-first heap   total 27648K, used 14445K [0x0000000707000000, 0x0000000800000000)
  region size 1024K, 1 young (1024K), 1 survivors (1024K)
 Metaspace       used 33092K, capacity 33823K, committed 34176K, reserved 1079296K
  class space    used 3350K, capacity 3664K, committed 3712K, reserved 1048576K
}
Event: 4,302 GC heap before
{Heap before GC invocations=18 (full 2):
 garbage-first heap   total 27648K, used 20589K [0x0000000707000000, 0x0000000800000000)
  region size 1024K, 8 young (8192K), 1 survivors (1024K)
 Metaspace       used 33092K, capacity 33823K, committed 34176K, reserved 1079296K
  class space    used 3350K, capacity 3664K, committed 3712K, reserved 1048576K
}
Event: 4,303 GC heap after
{Heap after GC invocations=19 (full 2):
 garbage-first heap   total 27648K, used 14433K [0x0000000707000000, 0x0000000800000000)
  region size 1024K, 1 young (1024K), 1 survivors (1024K)
 Metaspace       used 33092K, capacity 33823K, committed 34176K, reserved 1079296K
  class space    used 3350K, capacity 3664K, committed 3712K, reserved 1048576K
}
Event: 4,313 GC heap before
{Heap before GC invocations=20 (full 2):
 garbage-first heap   total 27648K, used 16481K [0x0000000707000000, 0x0000000800000000)
  region size 1024K, 4 young (4096K), 1 survivors (1024K)
 Metaspace       used 33092K, capacity 33823K, committed 34176K, reserved 1079296K
  class space    used 3350K, capacity 3664K, committed 3712K, reserved 1048576K
}
Event: 4,314 GC heap after
{Heap after GC invocations=21 (full 2):
 garbage-first heap   total 27648K, used 14413K [0x0000000707000000, 0x0000000800000000)
  region size 1024K, 1 young (1024K), 1 survivors (1024K)
 Metaspace       used 33092K, capacity 33823K, committed 34176K, reserved 1079296K
  class space    used 3350K, capacity 3664K, committed 3712K, reserved 1048576K
}
Event: 4,337 GC heap before
{Heap before GC invocations=22 (full 2):
 garbage-first heap   total 34816K, used 27725K [0x0000000707000000, 0x0000000800000000)
  region size 1024K, 8 young (8192K), 1 survivors (1024K)
 Metaspace       used 33093K, capacity 33823K, committed 34176K, reserved 1079296K
  class space    used 3350K, capacity 3664K, committed 3712K, reserved 1048576K
}
Event: 4,337 GC heap after
{Heap after GC invocations=23 (full 2):
 garbage-first heap   total 34816K, used 17517K [0x0000000707000000, 0x0000000800000000)
  region size 1024K, 1 young (1024K), 1 survivors (1024K)
 Metaspace       used 33093K, capacity 33823K, committed 34176K, reserved 1079296K
  class space    used 3350K, capacity 3664K, committed 3712K, reserved 1048576K
}
Event: 4,364 GC heap before
{Heap before GC invocations=23 (full 2):
 garbage-first heap   total 34816K, used 26733K [0x0000000707000000, 0x0000000800000000)
  region size 1024K, 11 young (11264K), 1 survivors (1024K)
 Metaspace       used 33093K, capacity 33823K, committed 34176K, reserved 1079296K
  class space    used 3350K, capacity 3664K, committed 3712K, reserved 1048576K
}
Event: 4,365 GC heap after
{Heap after GC invocations=24 (full 2):
 garbage-first heap   total 145408K, used 17487K [0x0000000707000000, 0x0000000800000000)
  region size 1024K, 1 young (1024K), 1 survivors (1024K)
 Metaspace       used 33093K, capacity 33823K, committed 34176K, reserved 1079296K
  class space    used 3350K, capacity 3664K, committed 3712K, reserved 1048576K
}
Event: 4,632 GC heap before
{Heap before GC invocations=25 (full 2):
 garbage-first heap   total 145408K, used 123983K [0x0000000707000000, 0x0000000800000000)
  region size 1024K, 85 young (87040K), 1 survivors (1024K)
 Metaspace       used 33271K, capacity 33989K, committed 34176K, reserved 1079296K
  class space    used 3364K, capacity 3698K, committed 3712K, reserved 1048576K
}
Event: 4,633 GC heap after
{Heap after GC invocations=26 (full 2):
 garbage-first heap   total 145408K, used 23938K [0x0000000707000000, 0x0000000800000000)
  region size 1024K, 1 young (1024K), 1 survivors (1024K)
 Metaspace       used 33271K, capacity 33989K, committed 34176K, reserved 1079296K
  class space    used 3364K, capacity 3698K, committed 3712K, reserved 1048576K
}
Event: 4,718 GC heap before
{Heap before GC invocations=26 (full 2):
 garbage-first heap   total 145408K, used 105858K [0x0000000707000000, 0x0000000800000000)
  region size 1024K, 82 young (83968K), 1 survivors (1024K)
 Metaspace       used 33378K, capacity 34117K, committed 34432K, reserved 1079296K
  class space    used 3372K, capacity 3698K, committed 3712K, reserved 1048576K
}
Event: 4,733 GC heap after
{Heap after GC invocations=27 (full 3):
 garbage-first heap   total 37888K, used 10244K [0x0000000707000000, 0x0000000800000000)
  region size 1024K, 0 young (0K), 0 survivors (0K)
 Metaspace       used 33378K, capacity 34117K, committed 34432K, reserved 1079296K
  class space    used 3372K, capacity 3698K, committed 3712K, reserved 1048576K
}
Event: 5,275 GC heap before
{Heap before GC invocations=27 (full 3):
 garbage-first heap   total 37888K, used 29700K [0x0000000707000000, 0x0000000800000000)
  region size 1024K, 20 young (20480K), 0 survivors (0K)
 Metaspace       used 34791K, capacity 35580K, committed 35840K, reserved 1081344K
  class space    used 3481K, capacity 3792K, committed 3840K, reserved 1048576K
}
Event: 5,278 GC heap after
{Heap after GC invocations=28 (full 3):
 garbage-first heap   total 37888K, used 10792K [0x0000000707000000, 0x0000000800000000)
  region size 1024K, 1 young (1024K), 1 survivors (1024K)
 Metaspace       used 34791K, capacity 35580K, committed 35840K, reserved 1081344K
  class space    used 3481K, capacity 3792K, committed 3840K, reserved 1048576K
}
Event: 9,171 GC heap before
{Heap before GC invocations=28 (full 3):
 garbage-first heap   total 37888K, used 30248K [0x0000000707000000, 0x0000000800000000)
  region size 1024K, 20 young (20480K), 1 survivors (1024K)
 Metaspace       used 35226K, capacity 36142K, committed 36352K, reserved 1081344K
  class space    used 3490K, capacity 3803K, committed 3840K, reserved 1048576K
}
Event: 9,172 GC heap after
{Heap after GC invocations=29 (full 3):
 garbage-first heap   total 37888K, used 10988K [0x0000000707000000, 0x0000000800000000)
  region size 1024K, 1 young (1024K), 1 survivors (1024K)
 Metaspace       used 35226K, capacity 36142K, committed 36352K, reserved 1081344K
  class space    used 3490K, capacity 3803K, committed 3840K, reserved 1048576K
}

