# JRE version: OpenJDK Runtime Environment AdoptOpenJDK-dcevm-11.0.11+1-202105021744 (11.0.11+1) (build 11.0.11+1-202105021744)
# Java VM: Dynamic Code Evolution 64-Bit Server VM AdoptOpenJDK-dcevm-11.0.11+1-202105021744 (11.0.11+1-202105021744, mixed mode, tiered, compressed oops, g1 gc, linux-amd64)
Heap:
 garbage-first heap   total 142336K, used 66024K [0x0000000707000000, 0x0000000800000000)
  region size 1024K, 43 young (44032K), 1 survivors (1024K)
 Metaspace       used 34588K, capacity 35569K, committed 35760K, reserved 1081344K
  class space    used 3431K, capacity 3740K, committed 3840K, reserved 1048576K
GC Heap History (20 events):
Event: 3,520 GC heap before
{Heap before GC invocations=8 (full 3):
 garbage-first heap   total 27648K, used 17345K [0x0000000707000000, 0x0000000800000000)
  region size 1024K, 10 young (10240K), 1 survivors (1024K)
 Metaspace       used 33026K, capacity 33762K, committed 34096K, reserved 1079296K
  class space    used 3352K, capacity 3665K, committed 3712K, reserved 1048576K
}
Event: 3,521 GC heap after
{Heap after GC invocations=9 (full 3):
 garbage-first heap   total 27648K, used 10508K [0x0000000707000000, 0x0000000800000000)
  region size 1024K, 2 young (2048K), 2 survivors (2048K)
 Metaspace       used 33026K, capacity 33762K, committed 34096K, reserved 1079296K
  class space    used 3352K, capacity 3665K, committed 3712K, reserved 1048576K
}
Event: 3,552 GC heap before
{Heap before GC invocations=9 (full 3):
 garbage-first heap   total 27648K, used 18700K [0x0000000707000000, 0x0000000800000000)
  region size 1024K, 10 young (10240K), 2 survivors (2048K)
 Metaspace       used 33044K, capacity 33762K, committed 34096K, reserved 1079296K
  class space    used 3352K, capacity 3665K, committed 3712K, reserved 1048576K
}
Event: 3,553 GC heap after
{Heap after GC invocations=10 (full 3):
 garbage-first heap   total 27648K, used 11630K [0x0000000707000000, 0x0000000800000000)
  region size 1024K, 1 young (1024K), 1 survivors (1024K)
 Metaspace       used 33044K, capacity 33762K, committed 34096K, reserved 1079296K
  class space    used 3352K, capacity 3665K, committed 3712K, reserved 1048576K
}
Event: 3,571 GC heap before
{Heap before GC invocations=10 (full 3):
 garbage-first heap   total 27648K, used 14702K [0x0000000707000000, 0x0000000800000000)
  region size 1024K, 6 young (6144K), 1 survivors (1024K)
 Metaspace       used 33045K, capacity 33762K, committed 34096K, reserved 1079296K
  class space    used 3352K, capacity 3665K, committed 3712K, reserved 1048576K
}
Event: 3,572 GC heap after
{Heap after GC invocations=11 (full 3):
 garbage-first heap   total 27648K, used 11494K [0x0000000707000000, 0x0000000800000000)
  region size 1024K, 1 young (1024K), 1 survivors (1024K)
 Metaspace       used 33045K, capacity 33762K, committed 34096K, reserved 1079296K
  class space    used 3352K, capacity 3665K, committed 3712K, reserved 1048576K
}
Event: 3,604 GC heap before
{Heap before GC invocations=12 (full 3):
 garbage-first heap   total 27648K, used 20710K [0x0000000707000000, 0x0000000800000000)
  region size 1024K, 9 young (9216K), 1 survivors (1024K)
 Metaspace       used 33045K, capacity 33762K, committed 34096K, reserved 1079296K
  class space    used 3352K, capacity 3665K, committed 3712K, reserved 1048576K
}
Event: 3,605 GC heap after
{Heap after GC invocations=13 (full 3):
 garbage-first heap   total 27648K, used 12503K [0x0000000707000000, 0x0000000800000000)
  region size 1024K, 1 young (1024K), 1 survivors (1024K)
 Metaspace       used 33045K, capacity 33762K, committed 34096K, reserved 1079296K
  class space    used 3352K, capacity 3665K, committed 3712K, reserved 1048576K
}
Event: 3,623 GC heap before
{Heap before GC invocations=13 (full 3):
 garbage-first heap   total 27648K, used 19671K [0x0000000707000000, 0x0000000800000000)
  region size 1024K, 8 young (8192K), 1 survivors (1024K)
 Metaspace       used 33045K, capacity 33762K, committed 34096K, reserved 1079296K
  class space    used 3352K, capacity 3665K, committed 3712K, reserved 1048576K
}
Event: 3,624 GC heap after
{Heap after GC invocations=14 (full 3):
 garbage-first heap   total 27648K, used 12510K [0x0000000707000000, 0x0000000800000000)
  region size 1024K, 1 young (1024K), 1 survivors (1024K)
 Metaspace       used 33045K, capacity 33762K, committed 34096K, reserved 1079296K
  class space    used 3352K, capacity 3665K, committed 3712K, reserved 1048576K
}
Event: 3,650 GC heap before
{Heap before GC invocations=15 (full 3):
 garbage-first heap   total 27648K, used 23774K [0x0000000707000000, 0x0000000800000000)
  region size 1024K, 9 young (9216K), 1 survivors (1024K)
 Metaspace       used 33045K, capacity 33762K, committed 34096K, reserved 1079296K
  class space    used 3352K, capacity 3665K, committed 3712K, reserved 1048576K
}
Event: 3,650 GC heap after
{Heap after GC invocations=16 (full 3):
 garbage-first heap   total 27648K, used 14534K [0x0000000707000000, 0x0000000800000000)
  region size 1024K, 1 young (1024K), 1 survivors (1024K)
 Metaspace       used 33045K, capacity 33762K, committed 34096K, reserved 1079296K
  class space    used 3352K, capacity 3665K, committed 3712K, reserved 1048576K
}
Event: 3,670 GC heap before
{Heap before GC invocations=16 (full 3):
 garbage-first heap   total 27648K, used 20678K [0x0000000707000000, 0x0000000800000000)
  region size 1024K, 8 young (8192K), 1 survivors (1024K)
 Metaspace       used 33045K, capacity 33762K, committed 34096K, reserved 1079296K
  class space    used 3352K, capacity 3665K, committed 3712K, reserved 1048576K
}
Event: 3,671 GC heap after
{Heap after GC invocations=17 (full 3):
 garbage-first heap   total 27648K, used 14540K [0x0000000707000000, 0x0000000800000000)
  region size 1024K, 1 young (1024K), 1 survivors (1024K)
 Metaspace       used 33045K, capacity 33762K, committed 34096K, reserved 1079296K
  class space    used 3352K, capacity 3665K, committed 3712K, reserved 1048576K
}
Event: 3,694 GC heap before
{Heap before GC invocations=18 (full 3):
 garbage-first heap   total 27648K, used 20684K [0x0000000707000000, 0x0000000800000000)
  region size 1024K, 8 young (8192K), 1 survivors (1024K)
 Metaspace       used 33045K, capacity 33762K, committed 34096K, reserved 1079296K
  class space    used 3352K, capacity 3665K, committed 3712K, reserved 1048576K
}
Event: 3,695 GC heap after
{Heap after GC invocations=19 (full 3):
 garbage-first heap   total 142336K, used 14554K [0x0000000707000000, 0x0000000800000000)
  region size 1024K, 1 young (1024K), 1 survivors (1024K)
 Metaspace       used 33045K, capacity 33762K, committed 34096K, reserved 1079296K
  class space    used 3352K, capacity 3665K, committed 3712K, reserved 1048576K
}
Event: 3,931 GC heap before
{Heap before GC invocations=19 (full 3):
 garbage-first heap   total 142336K, used 119002K [0x0000000707000000, 0x0000000800000000)
  region size 1024K, 83 young (84992K), 1 survivors (1024K)
 Metaspace       used 33054K, capacity 33762K, committed 34096K, reserved 1079296K
  class space    used 3352K, capacity 3665K, committed 3712K, reserved 1048576K
}
Event: 3,931 GC heap after
{Heap after GC invocations=20 (full 3):
 garbage-first heap   total 142336K, used 23758K [0x0000000707000000, 0x0000000800000000)
  region size 1024K, 1 young (1024K), 1 survivors (1024K)
 Metaspace       used 33054K, capacity 33762K, committed 34096K, reserved 1079296K
  class space    used 3352K, capacity 3665K, committed 3712K, reserved 1048576K
}
Event: 4,091 GC heap before
{Heap before GC invocations=20 (full 3):
 garbage-first heap   total 142336K, used 114894K [0x0000000707000000, 0x0000000800000000)
  region size 1024K, 83 young (84992K), 1 survivors (1024K)
 Metaspace       used 33248K, capacity 33960K, committed 34352K, reserved 1079296K
  class space    used 3367K, capacity 3667K, committed 3712K, reserved 1048576K
}
Event: 4,092 GC heap after
{Heap after GC invocations=21 (full 3):
 garbage-first heap   total 142336K, used 24040K [0x0000000707000000, 0x0000000800000000)
  region size 1024K, 1 young (1024K), 1 survivors (1024K)
 Metaspace       used 33248K, capacity 33960K, committed 34352K, reserved 1079296K
  class space    used 3367K, capacity 3667K, committed 3712K, reserved 1048576K
}

