# JRE version: OpenJDK Runtime Environment AdoptOpenJDK-dcevm-11.0.11+1-202105021744 (11.0.11+1) (build 11.0.11+1-202105021744)
# Java VM: Dynamic Code Evolution 64-Bit Server VM AdoptOpenJDK-dcevm-11.0.11+1-202105021744 (11.0.11+1-202105021744, mixed mode, tiered, compressed oops, g1 gc, linux-amd64)
Heap:
 garbage-first heap   total 145408K, used 70110K [0x0000000707000000, 0x0000000800000000)
  region size 1024K, 47 young (48128K), 1 survivors (1024K)
 Metaspace       used 34792K, capacity 35753K, committed 36096K, reserved 1081344K
  class space    used 3433K, capacity 3744K, committed 3840K, reserved 1048576K
GC Heap History (20 events):
Event: 2,998 GC heap before
{Heap before GC invocations=14 (full 3):
 garbage-first heap   total 27648K, used 18483K [0x0000000707000000, 0x0000000800000000)
  region size 1024K, 9 young (9216K), 1 survivors (1024K)
 Metaspace       used 33088K, capacity 33764K, committed 34176K, reserved 1079296K
  class space    used 3352K, capacity 3665K, committed 3712K, reserved 1048576K
}
Event: 2,999 GC heap after
{Heap after GC invocations=15 (full 3):
 garbage-first heap   total 27648K, used 12339K [0x0000000707000000, 0x0000000800000000)
  region size 1024K, 1 young (1024K), 1 survivors (1024K)
 Metaspace       used 33088K, capacity 33764K, committed 34176K, reserved 1079296K
  class space    used 3352K, capacity 3665K, committed 3712K, reserved 1048576K
}
Event: 3,024 GC heap before
{Heap before GC invocations=16 (full 3):
 garbage-first heap   total 27648K, used 24627K [0x0000000707000000, 0x0000000800000000)
  region size 1024K, 9 young (9216K), 1 survivors (1024K)
 Metaspace       used 33088K, capacity 33764K, committed 34176K, reserved 1079296K
  class space    used 3352K, capacity 3665K, committed 3712K, reserved 1048576K
}
Event: 3,025 GC heap after
{Heap after GC invocations=17 (full 3):
 garbage-first heap   total 27648K, used 14405K [0x0000000707000000, 0x0000000800000000)
  region size 1024K, 1 young (1024K), 1 survivors (1024K)
 Metaspace       used 33088K, capacity 33764K, committed 34176K, reserved 1079296K
  class space    used 3352K, capacity 3665K, committed 3712K, reserved 1048576K
}
Event: 3,042 GC heap before
{Heap before GC invocations=17 (full 3):
 garbage-first heap   total 27648K, used 19525K [0x0000000707000000, 0x0000000800000000)
  region size 1024K, 7 young (7168K), 1 survivors (1024K)
 Metaspace       used 33088K, capacity 33764K, committed 34176K, reserved 1079296K
  class space    used 3352K, capacity 3665K, committed 3712K, reserved 1048576K
}
Event: 3,043 GC heap after
{Heap after GC invocations=18 (full 3):
 garbage-first heap   total 27648K, used 14405K [0x0000000707000000, 0x0000000800000000)
  region size 1024K, 1 young (1024K), 1 survivors (1024K)
 Metaspace       used 33088K, capacity 33764K, committed 34176K, reserved 1079296K
  class space    used 3352K, capacity 3665K, committed 3712K, reserved 1048576K
}
Event: 3,065 GC heap before
{Heap before GC invocations=19 (full 3):
 garbage-first heap   total 27648K, used 20549K [0x0000000707000000, 0x0000000800000000)
  region size 1024K, 8 young (8192K), 1 survivors (1024K)
 Metaspace       used 33088K, capacity 33764K, committed 34176K, reserved 1079296K
  class space    used 3352K, capacity 3665K, committed 3712K, reserved 1048576K
}
Event: 3,066 GC heap after
{Heap after GC invocations=20 (full 3):
 garbage-first heap   total 27648K, used 14411K [0x0000000707000000, 0x0000000800000000)
  region size 1024K, 1 young (1024K), 1 survivors (1024K)
 Metaspace       used 33088K, capacity 33764K, committed 34176K, reserved 1079296K
  class space    used 3352K, capacity 3665K, committed 3712K, reserved 1048576K
}
Event: 3,086 GC heap before
{Heap before GC invocations=20 (full 3):
 garbage-first heap   total 27648K, used 20555K [0x0000000707000000, 0x0000000800000000)
  region size 1024K, 8 young (8192K), 1 survivors (1024K)
 Metaspace       used 33088K, capacity 33764K, committed 34176K, reserved 1079296K
  class space    used 3352K, capacity 3665K, committed 3712K, reserved 1048576K
}
Event: 3,086 GC heap after
{Heap after GC invocations=21 (full 3):
 garbage-first heap   total 27648K, used 14419K [0x0000000707000000, 0x0000000800000000)
  region size 1024K, 1 young (1024K), 1 survivors (1024K)
 Metaspace       used 33088K, capacity 33764K, committed 34176K, reserved 1079296K
  class space    used 3352K, capacity 3665K, committed 3712K, reserved 1048576K
}
Event: 3,099 GC heap before
{Heap before GC invocations=22 (full 3):
 garbage-first heap   total 27648K, used 17491K [0x0000000707000000, 0x0000000800000000)
  region size 1024K, 5 young (5120K), 1 survivors (1024K)
 Metaspace       used 33088K, capacity 33764K, committed 34176K, reserved 1079296K
  class space    used 3352K, capacity 3665K, committed 3712K, reserved 1048576K
}
Event: 3,100 GC heap after
{Heap after GC invocations=23 (full 3):
 garbage-first heap   total 27648K, used 14387K [0x0000000707000000, 0x0000000800000000)
  region size 1024K, 1 young (1024K), 1 survivors (1024K)
 Metaspace       used 33088K, capacity 33764K, committed 34176K, reserved 1079296K
  class space    used 3352K, capacity 3665K, committed 3712K, reserved 1048576K
}
Event: 3,122 GC heap before
{Heap before GC invocations=24 (full 3):
 garbage-first heap   total 34816K, used 27699K [0x0000000707000000, 0x0000000800000000)
  region size 1024K, 8 young (8192K), 1 survivors (1024K)
 Metaspace       used 33089K, capacity 33764K, committed 34176K, reserved 1079296K
  class space    used 3352K, capacity 3665K, committed 3712K, reserved 1048576K
}
Event: 3,123 GC heap after
{Heap after GC invocations=25 (full 3):
 garbage-first heap   total 34816K, used 17477K [0x0000000707000000, 0x0000000800000000)
  region size 1024K, 1 young (1024K), 1 survivors (1024K)
 Metaspace       used 33089K, capacity 33764K, committed 34176K, reserved 1079296K
  class space    used 3352K, capacity 3665K, committed 3712K, reserved 1048576K
}
Event: 3,149 GC heap before
{Heap before GC invocations=25 (full 3):
 garbage-first heap   total 34816K, used 27717K [0x0000000707000000, 0x0000000800000000)
  region size 1024K, 11 young (11264K), 1 survivors (1024K)
 Metaspace       used 33089K, capacity 33764K, committed 34176K, reserved 1079296K
  class space    used 3352K, capacity 3665K, committed 3712K, reserved 1048576K
}
Event: 3,150 GC heap after
{Heap after GC invocations=26 (full 3):
 garbage-first heap   total 145408K, used 17491K [0x0000000707000000, 0x0000000800000000)
  region size 1024K, 1 young (1024K), 1 survivors (1024K)
 Metaspace       used 33089K, capacity 33764K, committed 34176K, reserved 1079296K
  class space    used 3352K, capacity 3665K, committed 3712K, reserved 1048576K
}
Event: 3,427 GC heap before
{Heap before GC invocations=27 (full 3):
 garbage-first heap   total 145408K, used 123987K [0x0000000707000000, 0x0000000800000000)
  region size 1024K, 85 young (87040K), 1 survivors (1024K)
 Metaspace       used 33269K, capacity 33962K, committed 34176K, reserved 1079296K
  class space    used 3367K, capacity 3667K, committed 3712K, reserved 1048576K
}
Event: 3,428 GC heap after
{Heap after GC invocations=28 (full 3):
 garbage-first heap   total 145408K, used 23810K [0x0000000707000000, 0x0000000800000000)
  region size 1024K, 1 young (1024K), 1 survivors (1024K)
 Metaspace       used 33269K, capacity 33962K, committed 34176K, reserved 1079296K
  class space    used 3367K, capacity 3667K, committed 3712K, reserved 1048576K
}
Event: 3,640 GC heap before
{Heap before GC invocations=28 (full 3):
 garbage-first heap   total 145408K, used 109826K [0x0000000707000000, 0x0000000800000000)
  region size 1024K, 85 young (87040K), 1 survivors (1024K)
 Metaspace       used 33962K, capacity 34681K, committed 35072K, reserved 1081344K
  class space    used 3410K, capacity 3718K, committed 3840K, reserved 1048576K
}
Event: 3,641 GC heap after
{Heap after GC invocations=29 (full 3):
 garbage-first heap   total 145408K, used 24030K [0x0000000707000000, 0x0000000800000000)
  region size 1024K, 1 young (1024K), 1 survivors (1024K)
 Metaspace       used 33962K, capacity 34681K, committed 35072K, reserved 1081344K
  class space    used 3410K, capacity 3718K, committed 3840K, reserved 1048576K
}

