# JRE version: OpenJDK Runtime Environment AdoptOpenJDK-dcevm-11.0.11+1-202105021744 (11.0.11+1) (build 11.0.11+1-202105021744)
# Java VM: Dynamic Code Evolution 64-Bit Server VM AdoptOpenJDK-dcevm-11.0.11+1-202105021744 (11.0.11+1-202105021744, mixed mode, tiered, compressed oops, g1 gc, linux-amd64)
Heap:
 garbage-first heap   total 142336K, used 63857K [0x0000000707000000, 0x0000000800000000)
  region size 1024K, 41 young (41984K), 1 survivors (1024K)
 Metaspace       used 34597K, capacity 35469K, committed 35584K, reserved 1081344K
  class space    used 3432K, capacity 3742K, committed 3840K, reserved 1048576K
GC Heap History (20 events):
Event: 3,247 GC heap before
{Heap before GC invocations=8 (full 3):
 garbage-first heap   total 27648K, used 17745K [0x0000000707000000, 0x0000000800000000)
  region size 1024K, 11 young (11264K), 2 survivors (2048K)
 Metaspace       used 33021K, capacity 33700K, committed 34176K, reserved 1079296K
  class space    used 3352K, capacity 3665K, committed 3712K, reserved 1048576K
}
Event: 3,250 GC heap after
{Heap after GC invocations=9 (full 3):
 garbage-first heap   total 27648K, used 10855K [0x0000000707000000, 0x0000000800000000)
  region size 1024K, 2 young (2048K), 2 survivors (2048K)
 Metaspace       used 33021K, capacity 33700K, committed 34176K, reserved 1079296K
  class space    used 3352K, capacity 3665K, committed 3712K, reserved 1048576K
}
Event: 3,290 GC heap before
{Heap before GC invocations=9 (full 3):
 garbage-first heap   total 27648K, used 20071K [0x0000000707000000, 0x0000000800000000)
  region size 1024K, 10 young (10240K), 2 survivors (2048K)
 Metaspace       used 33037K, capacity 33700K, committed 34176K, reserved 1079296K
  class space    used 3352K, capacity 3665K, committed 3712K, reserved 1048576K
}
Event: 3,291 GC heap after
{Heap after GC invocations=10 (full 3):
 garbage-first heap   total 27648K, used 11438K [0x0000000707000000, 0x0000000800000000)
  region size 1024K, 1 young (1024K), 1 survivors (1024K)
 Metaspace       used 33037K, capacity 33700K, committed 34176K, reserved 1079296K
  class space    used 3352K, capacity 3665K, committed 3712K, reserved 1048576K
}
Event: 3,305 GC heap before
{Heap before GC invocations=10 (full 3):
 garbage-first heap   total 27648K, used 13486K [0x0000000707000000, 0x0000000800000000)
  region size 1024K, 5 young (5120K), 1 survivors (1024K)
 Metaspace       used 33037K, capacity 33700K, committed 34176K, reserved 1079296K
  class space    used 3352K, capacity 3665K, committed 3712K, reserved 1048576K
}
Event: 3,306 GC heap after
{Heap after GC invocations=11 (full 3):
 garbage-first heap   total 27648K, used 11327K [0x0000000707000000, 0x0000000800000000)
  region size 1024K, 1 young (1024K), 1 survivors (1024K)
 Metaspace       used 33037K, capacity 33700K, committed 34176K, reserved 1079296K
  class space    used 3352K, capacity 3665K, committed 3712K, reserved 1048576K
}
Event: 3,332 GC heap before
{Heap before GC invocations=12 (full 3):
 garbage-first heap   total 27648K, used 20543K [0x0000000707000000, 0x0000000800000000)
  region size 1024K, 9 young (9216K), 1 survivors (1024K)
 Metaspace       used 33037K, capacity 33700K, committed 34176K, reserved 1079296K
  class space    used 3352K, capacity 3665K, committed 3712K, reserved 1048576K
}
Event: 3,333 GC heap after
{Heap after GC invocations=13 (full 3):
 garbage-first heap   total 27648K, used 12348K [0x0000000707000000, 0x0000000800000000)
  region size 1024K, 1 young (1024K), 1 survivors (1024K)
 Metaspace       used 33037K, capacity 33700K, committed 34176K, reserved 1079296K
  class space    used 3352K, capacity 3665K, committed 3712K, reserved 1048576K
}
Event: 3,357 GC heap before
{Heap before GC invocations=13 (full 3):
 garbage-first heap   total 27648K, used 19516K [0x0000000707000000, 0x0000000800000000)
  region size 1024K, 9 young (9216K), 1 survivors (1024K)
 Metaspace       used 33037K, capacity 33700K, committed 34176K, reserved 1079296K
  class space    used 3352K, capacity 3665K, committed 3712K, reserved 1048576K
}
Event: 3,357 GC heap after
{Heap after GC invocations=14 (full 3):
 garbage-first heap   total 27648K, used 12345K [0x0000000707000000, 0x0000000800000000)
  region size 1024K, 1 young (1024K), 1 survivors (1024K)
 Metaspace       used 33037K, capacity 33700K, committed 34176K, reserved 1079296K
  class space    used 3352K, capacity 3665K, committed 3712K, reserved 1048576K
}
Event: 3,386 GC heap before
{Heap before GC invocations=15 (full 3):
 garbage-first heap   total 27648K, used 23609K [0x0000000707000000, 0x0000000800000000)
  region size 1024K, 9 young (9216K), 1 survivors (1024K)
 Metaspace       used 33037K, capacity 33700K, committed 34176K, reserved 1079296K
  class space    used 3352K, capacity 3665K, committed 3712K, reserved 1048576K
}
Event: 3,387 GC heap after
{Heap after GC invocations=16 (full 3):
 garbage-first heap   total 27648K, used 14401K [0x0000000707000000, 0x0000000800000000)
  region size 1024K, 1 young (1024K), 1 survivors (1024K)
 Metaspace       used 33037K, capacity 33700K, committed 34176K, reserved 1079296K
  class space    used 3352K, capacity 3665K, committed 3712K, reserved 1048576K
}
Event: 3,409 GC heap before
{Heap before GC invocations=16 (full 3):
 garbage-first heap   total 27648K, used 21569K [0x0000000707000000, 0x0000000800000000)
  region size 1024K, 8 young (8192K), 1 survivors (1024K)
 Metaspace       used 33037K, capacity 33700K, committed 34176K, reserved 1079296K
  class space    used 3352K, capacity 3665K, committed 3712K, reserved 1048576K
}
Event: 3,410 GC heap after
{Heap after GC invocations=17 (full 3):
 garbage-first heap   total 27648K, used 14393K [0x0000000707000000, 0x0000000800000000)
  region size 1024K, 1 young (1024K), 1 survivors (1024K)
 Metaspace       used 33037K, capacity 33700K, committed 34176K, reserved 1079296K
  class space    used 3352K, capacity 3665K, committed 3712K, reserved 1048576K
}
Event: 3,432 GC heap before
{Heap before GC invocations=18 (full 3):
 garbage-first heap   total 27648K, used 20537K [0x0000000707000000, 0x0000000800000000)
  region size 1024K, 8 young (8192K), 1 survivors (1024K)
 Metaspace       used 33037K, capacity 33700K, committed 34176K, reserved 1079296K
  class space    used 3352K, capacity 3665K, committed 3712K, reserved 1048576K
}
Event: 3,434 GC heap after
{Heap after GC invocations=19 (full 3):
 garbage-first heap   total 142336K, used 14393K [0x0000000707000000, 0x0000000800000000)
  region size 1024K, 1 young (1024K), 1 survivors (1024K)
 Metaspace       used 33037K, capacity 33700K, committed 34176K, reserved 1079296K
  class space    used 3352K, capacity 3665K, committed 3712K, reserved 1048576K
}
Event: 3,667 GC heap before
{Heap before GC invocations=19 (full 3):
 garbage-first heap   total 142336K, used 118841K [0x0000000707000000, 0x0000000800000000)
  region size 1024K, 83 young (84992K), 1 survivors (1024K)
 Metaspace       used 33046K, capacity 33700K, committed 34176K, reserved 1079296K
  class space    used 3352K, capacity 3665K, committed 3712K, reserved 1048576K
}
Event: 3,668 GC heap after
{Heap after GC invocations=20 (full 3):
 garbage-first heap   total 142336K, used 23584K [0x0000000707000000, 0x0000000800000000)
  region size 1024K, 1 young (1024K), 1 survivors (1024K)
 Metaspace       used 33046K, capacity 33700K, committed 34176K, reserved 1079296K
  class space    used 3352K, capacity 3665K, committed 3712K, reserved 1048576K
}
Event: 3,828 GC heap before
{Heap before GC invocations=20 (full 3):
 garbage-first heap   total 142336K, used 114720K [0x0000000707000000, 0x0000000800000000)
  region size 1024K, 83 young (84992K), 1 survivors (1024K)
 Metaspace       used 33239K, capacity 33962K, committed 34432K, reserved 1079296K
  class space    used 3367K, capacity 3667K, committed 3712K, reserved 1048576K
}
Event: 3,829 GC heap after
{Heap after GC invocations=21 (full 3):
 garbage-first heap   total 142336K, used 23921K [0x0000000707000000, 0x0000000800000000)
  region size 1024K, 1 young (1024K), 1 survivors (1024K)
 Metaspace       used 33239K, capacity 33962K, committed 34432K, reserved 1079296K
  class space    used 3367K, capacity 3667K, committed 3712K, reserved 1048576K
}

