# JRE version: OpenJDK Runtime Environment AdoptOpenJDK-dcevm-11.0.11+1-202105021744 (11.0.11+1) (build 11.0.11+1-202105021744)
# Java VM: Dynamic Code Evolution 64-Bit Server VM AdoptOpenJDK-dcevm-11.0.11+1-202105021744 (11.0.11+1-202105021744, mixed mode, tiered, compressed oops, g1 gc, linux-amd64)
Heap:
 garbage-first heap   total 142336K, used 73994K [0x0000000707000000, 0x0000000800000000)
  region size 1024K, 51 young (52224K), 1 survivors (1024K)
 Metaspace       used 34635K, capacity 35532K, committed 35760K, reserved 1081344K
  class space    used 3432K, capacity 3742K, committed 3840K, reserved 1048576K
GC Heap History (20 events):
Event: 3,271 GC heap before
{Heap before GC invocations=8 (full 3):
 garbage-first heap   total 27648K, used 18692K [0x0000000707000000, 0x0000000800000000)
  region size 1024K, 10 young (10240K), 0 survivors (0K)
 Metaspace       used 32626K, capacity 33336K, committed 33840K, reserved 1079296K
  class space    used 3322K, capacity 3630K, committed 3712K, reserved 1048576K
}
Event: 3,275 GC heap after
{Heap after GC invocations=9 (full 3):
 garbage-first heap   total 27648K, used 9513K [0x0000000707000000, 0x0000000800000000)
  region size 1024K, 2 young (2048K), 2 survivors (2048K)
 Metaspace       used 32626K, capacity 33336K, committed 33840K, reserved 1079296K
  class space    used 3322K, capacity 3630K, committed 3712K, reserved 1048576K
}
Event: 3,391 GC heap before
{Heap before GC invocations=9 (full 3):
 garbage-first heap   total 27648K, used 17705K [0x0000000707000000, 0x0000000800000000)
  region size 1024K, 11 young (11264K), 2 survivors (2048K)
 Metaspace       used 33031K, capacity 33762K, committed 34096K, reserved 1079296K
  class space    used 3351K, capacity 3665K, committed 3712K, reserved 1048576K
}
Event: 3,392 GC heap after
{Heap after GC invocations=10 (full 3):
 garbage-first heap   total 27648K, used 10657K [0x0000000707000000, 0x0000000800000000)
  region size 1024K, 2 young (2048K), 2 survivors (2048K)
 Metaspace       used 33031K, capacity 33762K, committed 34096K, reserved 1079296K
  class space    used 3351K, capacity 3665K, committed 3712K, reserved 1048576K
}
Event: 3,421 GC heap before
{Heap before GC invocations=10 (full 3):
 garbage-first heap   total 27648K, used 19873K [0x0000000707000000, 0x0000000800000000)
  region size 1024K, 10 young (10240K), 2 survivors (2048K)
 Metaspace       used 33049K, capacity 33762K, committed 34096K, reserved 1079296K
  class space    used 3352K, capacity 3665K, committed 3712K, reserved 1048576K
}
Event: 3,422 GC heap after
{Heap after GC invocations=11 (full 3):
 garbage-first heap   total 27648K, used 11478K [0x0000000707000000, 0x0000000800000000)
  region size 1024K, 1 young (1024K), 1 survivors (1024K)
 Metaspace       used 33049K, capacity 33762K, committed 34096K, reserved 1079296K
  class space    used 3352K, capacity 3665K, committed 3712K, reserved 1048576K
}
Event: 3,437 GC heap before
{Heap before GC invocations=11 (full 3):
 garbage-first heap   total 27648K, used 14550K [0x0000000707000000, 0x0000000800000000)
  region size 1024K, 5 young (5120K), 1 survivors (1024K)
 Metaspace       used 33049K, capacity 33762K, committed 34096K, reserved 1079296K
  class space    used 3352K, capacity 3665K, committed 3712K, reserved 1048576K
}
Event: 3,438 GC heap after
{Heap after GC invocations=12 (full 3):
 garbage-first heap   total 27648K, used 11334K [0x0000000707000000, 0x0000000800000000)
  region size 1024K, 1 young (1024K), 1 survivors (1024K)
 Metaspace       used 33049K, capacity 33762K, committed 34096K, reserved 1079296K
  class space    used 3352K, capacity 3665K, committed 3712K, reserved 1048576K
}
Event: 3,467 GC heap before
{Heap before GC invocations=13 (full 3):
 garbage-first heap   total 27648K, used 20550K [0x0000000707000000, 0x0000000800000000)
  region size 1024K, 9 young (9216K), 1 survivors (1024K)
 Metaspace       used 33049K, capacity 33762K, committed 34096K, reserved 1079296K
  class space    used 3352K, capacity 3665K, committed 3712K, reserved 1048576K
}
Event: 3,468 GC heap after
{Heap after GC invocations=14 (full 3):
 garbage-first heap   total 27648K, used 12352K [0x0000000707000000, 0x0000000800000000)
  region size 1024K, 1 young (1024K), 1 survivors (1024K)
 Metaspace       used 33049K, capacity 33762K, committed 34096K, reserved 1079296K
  class space    used 3352K, capacity 3665K, committed 3712K, reserved 1048576K
}
Event: 3,491 GC heap before
{Heap before GC invocations=14 (full 3):
 garbage-first heap   total 27648K, used 18496K [0x0000000707000000, 0x0000000800000000)
  region size 1024K, 9 young (9216K), 1 survivors (1024K)
 Metaspace       used 33049K, capacity 33762K, committed 34096K, reserved 1079296K
  class space    used 3352K, capacity 3665K, committed 3712K, reserved 1048576K
}
Event: 3,491 GC heap after
{Heap after GC invocations=15 (full 3):
 garbage-first heap   total 27648K, used 12334K [0x0000000707000000, 0x0000000800000000)
  region size 1024K, 1 young (1024K), 1 survivors (1024K)
 Metaspace       used 33049K, capacity 33762K, committed 34096K, reserved 1079296K
  class space    used 3352K, capacity 3665K, committed 3712K, reserved 1048576K
}
Event: 3,518 GC heap before
{Heap before GC invocations=16 (full 3):
 garbage-first heap   total 27648K, used 23598K [0x0000000707000000, 0x0000000800000000)
  region size 1024K, 9 young (9216K), 1 survivors (1024K)
 Metaspace       used 33049K, capacity 33762K, committed 34096K, reserved 1079296K
  class space    used 3352K, capacity 3665K, committed 3712K, reserved 1048576K
}
Event: 3,519 GC heap after
{Heap after GC invocations=17 (full 3):
 garbage-first heap   total 27648K, used 14388K [0x0000000707000000, 0x0000000800000000)
  region size 1024K, 1 young (1024K), 1 survivors (1024K)
 Metaspace       used 33049K, capacity 33762K, committed 34096K, reserved 1079296K
  class space    used 3352K, capacity 3665K, committed 3712K, reserved 1048576K
}
Event: 3,539 GC heap before
{Heap before GC invocations=17 (full 3):
 garbage-first heap   total 27648K, used 20532K [0x0000000707000000, 0x0000000800000000)
  region size 1024K, 8 young (8192K), 1 survivors (1024K)
 Metaspace       used 33049K, capacity 33762K, committed 34096K, reserved 1079296K
  class space    used 3352K, capacity 3665K, committed 3712K, reserved 1048576K
}
Event: 3,540 GC heap after
{Heap after GC invocations=18 (full 3):
 garbage-first heap   total 142336K, used 14382K [0x0000000707000000, 0x0000000800000000)
  region size 1024K, 1 young (1024K), 1 survivors (1024K)
 Metaspace       used 33049K, capacity 33762K, committed 34096K, reserved 1079296K
  class space    used 3352K, capacity 3665K, committed 3712K, reserved 1048576K
}
Event: 3,778 GC heap before
{Heap before GC invocations=19 (full 3):
 garbage-first heap   total 142336K, used 117806K [0x0000000707000000, 0x0000000800000000)
  region size 1024K, 82 young (83968K), 1 survivors (1024K)
 Metaspace       used 33058K, capacity 33762K, committed 34096K, reserved 1079296K
  class space    used 3352K, capacity 3665K, committed 3712K, reserved 1048576K
}
Event: 3,778 GC heap after
{Heap after GC invocations=20 (full 3):
 garbage-first heap   total 142336K, used 23620K [0x0000000707000000, 0x0000000800000000)
  region size 1024K, 1 young (1024K), 1 survivors (1024K)
 Metaspace       used 33058K, capacity 33762K, committed 34096K, reserved 1079296K
  class space    used 3352K, capacity 3665K, committed 3712K, reserved 1048576K
}
Event: 3,945 GC heap before
{Heap before GC invocations=20 (full 3):
 garbage-first heap   total 142336K, used 114756K [0x0000000707000000, 0x0000000800000000)
  region size 1024K, 83 young (84992K), 1 survivors (1024K)
 Metaspace       used 33252K, capacity 33960K, committed 34352K, reserved 1079296K
  class space    used 3367K, capacity 3667K, committed 3712K, reserved 1048576K
}
Event: 3,946 GC heap after
{Heap after GC invocations=21 (full 3):
 garbage-first heap   total 142336K, used 23818K [0x0000000707000000, 0x0000000800000000)
  region size 1024K, 1 young (1024K), 1 survivors (1024K)
 Metaspace       used 33252K, capacity 33960K, committed 34352K, reserved 1079296K
  class space    used 3367K, capacity 3667K, committed 3712K, reserved 1048576K
}

