# JRE version: OpenJDK Runtime Environment AdoptOpenJDK-dcevm-11.0.11+1-202105021744 (11.0.11+1) (build 11.0.11+1-202105021744)
# Java VM: Dynamic Code Evolution 64-Bit Server VM AdoptOpenJDK-dcevm-11.0.11+1-202105021744 (11.0.11+1-202105021744, mixed mode, tiered, compressed oops, g1 gc, linux-amd64)
Heap:
 garbage-first heap   total 40960K, used 19104K [0x0000000707000000, 0x0000000800000000)
  region size 1024K, 10 young (10240K), 1 survivors (1024K)
 Metaspace       used 35218K, capacity 36226K, committed 36352K, reserved 1081344K
  class space    used 3468K, capacity 3812K, committed 3840K, reserved 1048576K
GC Heap History (20 events):
Event: 3,330 GC heap before
{Heap before GC invocations=17 (full 2):
 garbage-first heap   total 27648K, used 21783K [0x0000000707000000, 0x0000000800000000)
  region size 1024K, 8 young (8192K), 1 survivors (1024K)
 Metaspace       used 32971K, capacity 33697K, committed 34176K, reserved 1079296K
  class space    used 3348K, capacity 3664K, committed 3712K, reserved 1048576K
}
Event: 3,330 GC heap after
{Heap after GC invocations=18 (full 2):
 garbage-first heap   total 27648K, used 14573K [0x0000000707000000, 0x0000000800000000)
  region size 1024K, 1 young (1024K), 1 survivors (1024K)
 Metaspace       used 32971K, capacity 33697K, committed 34176K, reserved 1079296K
  class space    used 3348K, capacity 3664K, committed 3712K, reserved 1048576K
}
Event: 3,349 GC heap before
{Heap before GC invocations=18 (full 2):
 garbage-first heap   total 27648K, used 20717K [0x0000000707000000, 0x0000000800000000)
  region size 1024K, 8 young (8192K), 1 survivors (1024K)
 Metaspace       used 32975K, capacity 33697K, committed 34176K, reserved 1079296K
  class space    used 3350K, capacity 3664K, committed 3712K, reserved 1048576K
}
Event: 3,350 GC heap after
{Heap after GC invocations=19 (full 2):
 garbage-first heap   total 27648K, used 14579K [0x0000000707000000, 0x0000000800000000)
  region size 1024K, 1 young (1024K), 1 survivors (1024K)
 Metaspace       used 32975K, capacity 33697K, committed 34176K, reserved 1079296K
  class space    used 3350K, capacity 3664K, committed 3712K, reserved 1048576K
}
Event: 3,360 GC heap before
{Heap before GC invocations=20 (full 2):
 garbage-first heap   total 27648K, used 16627K [0x0000000707000000, 0x0000000800000000)
  region size 1024K, 4 young (4096K), 1 survivors (1024K)
 Metaspace       used 32975K, capacity 33697K, committed 34176K, reserved 1079296K
  class space    used 3350K, capacity 3664K, committed 3712K, reserved 1048576K
}
Event: 3,360 GC heap after
{Heap after GC invocations=21 (full 2):
 garbage-first heap   total 27648K, used 14565K [0x0000000707000000, 0x0000000800000000)
  region size 1024K, 1 young (1024K), 1 survivors (1024K)
 Metaspace       used 32975K, capacity 33697K, committed 34176K, reserved 1079296K
  class space    used 3350K, capacity 3664K, committed 3712K, reserved 1048576K
}
Event: 3,383 GC heap before
{Heap before GC invocations=22 (full 2):
 garbage-first heap   total 34816K, used 27877K [0x0000000707000000, 0x0000000800000000)
  region size 1024K, 8 young (8192K), 1 survivors (1024K)
 Metaspace       used 32976K, capacity 33697K, committed 34176K, reserved 1079296K
  class space    used 3350K, capacity 3664K, committed 3712K, reserved 1048576K
}
Event: 3,383 GC heap after
{Heap after GC invocations=23 (full 2):
 garbage-first heap   total 34816K, used 17653K [0x0000000707000000, 0x0000000800000000)
  region size 1024K, 1 young (1024K), 1 survivors (1024K)
 Metaspace       used 32976K, capacity 33697K, committed 34176K, reserved 1079296K
  class space    used 3350K, capacity 3664K, committed 3712K, reserved 1048576K
}
Event: 3,409 GC heap before
{Heap before GC invocations=23 (full 2):
 garbage-first heap   total 34816K, used 27893K [0x0000000707000000, 0x0000000800000000)
  region size 1024K, 11 young (11264K), 1 survivors (1024K)
 Metaspace       used 32977K, capacity 33697K, committed 34176K, reserved 1079296K
  class space    used 3350K, capacity 3664K, committed 3712K, reserved 1048576K
}
Event: 3,410 GC heap after
{Heap after GC invocations=24 (full 2):
 garbage-first heap   total 145408K, used 17661K [0x0000000707000000, 0x0000000800000000)
  region size 1024K, 1 young (1024K), 1 survivors (1024K)
 Metaspace       used 32977K, capacity 33697K, committed 34176K, reserved 1079296K
  class space    used 3350K, capacity 3664K, committed 3712K, reserved 1048576K
}
Event: 3,680 GC heap before
{Heap before GC invocations=25 (full 2):
 garbage-first heap   total 145408K, used 124157K [0x0000000707000000, 0x0000000800000000)
  region size 1024K, 85 young (87040K), 1 survivors (1024K)
 Metaspace       used 33158K, capacity 33864K, committed 34176K, reserved 1079296K
  class space    used 3364K, capacity 3698K, committed 3712K, reserved 1048576K
}
Event: 3,682 GC heap after
{Heap after GC invocations=26 (full 2):
 garbage-first heap   total 145408K, used 24087K [0x0000000707000000, 0x0000000800000000)
  region size 1024K, 1 young (1024K), 1 survivors (1024K)
 Metaspace       used 33158K, capacity 33864K, committed 34176K, reserved 1079296K
  class space    used 3364K, capacity 3698K, committed 3712K, reserved 1048576K
}
Event: 3,766 GC heap before
{Heap before GC invocations=26 (full 2):
 garbage-first heap   total 145408K, used 106007K [0x0000000707000000, 0x0000000800000000)
  region size 1024K, 82 young (83968K), 1 survivors (1024K)
 Metaspace       used 33258K, capacity 33992K, committed 34432K, reserved 1079296K
  class space    used 3372K, capacity 3698K, committed 3712K, reserved 1048576K
}
Event: 3,784 GC heap after
{Heap after GC invocations=27 (full 3):
 garbage-first heap   total 40960K, used 10240K [0x0000000707000000, 0x0000000800000000)
  region size 1024K, 0 young (0K), 0 survivors (0K)
 Metaspace       used 33258K, capacity 33992K, committed 34432K, reserved 1079296K
  class space    used 3372K, capacity 3698K, committed 3712K, reserved 1048576K
}
Event: 16,884 GC heap before
{Heap before GC invocations=27 (full 3):
 garbage-first heap   total 40960K, used 30720K [0x0000000707000000, 0x0000000800000000)
  region size 1024K, 21 young (21504K), 0 survivors (0K)
 Metaspace       used 35067K, capacity 36092K, committed 36352K, reserved 1081344K
  class space    used 3466K, capacity 3811K, committed 3840K, reserved 1048576K
}
Event: 16,885 GC heap after
{Heap after GC invocations=28 (full 3):
 garbage-first heap   total 40960K, used 10895K [0x0000000707000000, 0x0000000800000000)
  region size 1024K, 1 young (1024K), 1 survivors (1024K)
 Metaspace       used 35067K, capacity 36092K, committed 36352K, reserved 1081344K
  class space    used 3466K, capacity 3811K, committed 3840K, reserved 1048576K
}
Event: 52,285 GC heap before
{Heap before GC invocations=28 (full 3):
 garbage-first heap   total 40960K, used 32399K [0x0000000707000000, 0x0000000800000000)
  region size 1024K, 22 young (22528K), 1 survivors (1024K)
 Metaspace       used 35137K, capacity 36098K, committed 36352K, reserved 1081344K
  class space    used 3466K, capacity 3812K, committed 3840K, reserved 1048576K
}
Event: 52,287 GC heap after
{Heap after GC invocations=29 (full 3):
 garbage-first heap   total 40960K, used 10910K [0x0000000707000000, 0x0000000800000000)
  region size 1024K, 1 young (1024K), 1 survivors (1024K)
 Metaspace       used 35137K, capacity 36098K, committed 36352K, reserved 1081344K
  class space    used 3466K, capacity 3812K, committed 3840K, reserved 1048576K
}
Event: 85,730 GC heap before
{Heap before GC invocations=29 (full 3):
 garbage-first heap   total 40960K, used 32414K [0x0000000707000000, 0x0000000800000000)
  region size 1024K, 22 young (22528K), 1 survivors (1024K)
 Metaspace       used 35217K, capacity 36226K, committed 36352K, reserved 1081344K
  class space    used 3468K, capacity 3812K, committed 3840K, reserved 1048576K
}
Event: 85,732 GC heap after
{Heap after GC invocations=30 (full 3):
 garbage-first heap   total 40960K, used 10912K [0x0000000707000000, 0x0000000800000000)
  region size 1024K, 1 young (1024K), 1 survivors (1024K)
 Metaspace       used 35217K, capacity 36226K, committed 36352K, reserved 1081344K
  class space    used 3468K, capacity 3812K, committed 3840K, reserved 1048576K
}

