# JRE version: OpenJDK Runtime Environment AdoptOpenJDK-dcevm-11.0.11+1-202105021744 (11.0.11+1) (build 11.0.11+1-202105021744)
# Java VM: Dynamic Code Evolution 64-Bit Server VM AdoptOpenJDK-dcevm-11.0.11+1-202105021744 (11.0.11+1-202105021744, mixed mode, tiered, compressed oops, g1 gc, linux-amd64)
Heap:
 garbage-first heap   total 40960K, used 18653K [0x0000000707000000, 0x0000000800000000)
  region size 1024K, 7 young (7168K), 3 survivors (3072K)
 Metaspace       used 35627K, capacity 36684K, committed 36864K, reserved 1083392K
  class space    used 3479K, capacity 3811K, committed 3840K, reserved 1048576K
GC Heap History (20 events):
Event: 7,422 GC heap before
{Heap before GC invocations=27 (full 3):
 garbage-first heap   total 40960K, used 31267K [0x0000000707000000, 0x0000000800000000)
  region size 1024K, 21 young (21504K), 1 survivors (1024K)
 Metaspace       used 34974K, capacity 35900K, committed 36096K, reserved 1081344K
  class space    used 3472K, capacity 3802K, committed 3840K, reserved 1048576K
}
Event: 7,423 GC heap after
{Heap after GC invocations=28 (full 3):
 garbage-first heap   total 40960K, used 10962K [0x0000000707000000, 0x0000000800000000)
  region size 1024K, 1 young (1024K), 1 survivors (1024K)
 Metaspace       used 34974K, capacity 35900K, committed 36096K, reserved 1081344K
  class space    used 3472K, capacity 3802K, committed 3840K, reserved 1048576K
}
Event: 16,089 GC heap before
{Heap before GC invocations=28 (full 3):
 garbage-first heap   total 40960K, used 31442K [0x0000000707000000, 0x0000000800000000)
  region size 1024K, 21 young (21504K), 1 survivors (1024K)
 Metaspace       used 35208K, capacity 36240K, committed 36352K, reserved 1081344K
  class space    used 3475K, capacity 3804K, committed 3840K, reserved 1048576K
}
Event: 16,091 GC heap after
{Heap after GC invocations=29 (full 3):
 garbage-first heap   total 40960K, used 10984K [0x0000000707000000, 0x0000000800000000)
  region size 1024K, 1 young (1024K), 1 survivors (1024K)
 Metaspace       used 35208K, capacity 36240K, committed 36352K, reserved 1081344K
  class space    used 3475K, capacity 3804K, committed 3840K, reserved 1048576K
}
Event: 48,253 GC heap before
{Heap before GC invocations=29 (full 3):
 garbage-first heap   total 40960K, used 31464K [0x0000000707000000, 0x0000000800000000)
  region size 1024K, 21 young (21504K), 1 survivors (1024K)
 Metaspace       used 35223K, capacity 36248K, committed 36352K, reserved 1081344K
  class space    used 3475K, capacity 3804K, committed 3840K, reserved 1048576K
}
Event: 48,254 GC heap after
{Heap after GC invocations=30 (full 3):
 garbage-first heap   total 40960K, used 10988K [0x0000000707000000, 0x0000000800000000)
  region size 1024K, 1 young (1024K), 1 survivors (1024K)
 Metaspace       used 35223K, capacity 36248K, committed 36352K, reserved 1081344K
  class space    used 3475K, capacity 3804K, committed 3840K, reserved 1048576K
}
Event: 94,302 GC heap before
{Heap before GC invocations=30 (full 3):
 garbage-first heap   total 40960K, used 31468K [0x0000000707000000, 0x0000000800000000)
  region size 1024K, 21 young (21504K), 1 survivors (1024K)
 Metaspace       used 35223K, capacity 36248K, committed 36352K, reserved 1081344K
  class space    used 3475K, capacity 3804K, committed 3840K, reserved 1048576K
}
Event: 94,304 GC heap after
{Heap after GC invocations=31 (full 3):
 garbage-first heap   total 40960K, used 11028K [0x0000000707000000, 0x0000000800000000)
  region size 1024K, 1 young (1024K), 1 survivors (1024K)
 Metaspace       used 35223K, capacity 36248K, committed 36352K, reserved 1081344K
  class space    used 3475K, capacity 3804K, committed 3840K, reserved 1048576K
}
Event: 96,461 GC heap before
{Heap before GC invocations=31 (full 3):
 garbage-first heap   total 40960K, used 31508K [0x0000000707000000, 0x0000000800000000)
  region size 1024K, 21 young (21504K), 1 survivors (1024K)
 Metaspace       used 35324K, capacity 36389K, committed 36608K, reserved 1081344K
  class space    used 3476K, capacity 3806K, committed 3840K, reserved 1048576K
}
Event: 96,462 GC heap after
{Heap after GC invocations=32 (full 3):
 garbage-first heap   total 40960K, used 11815K [0x0000000707000000, 0x0000000800000000)
  region size 1024K, 2 young (2048K), 2 survivors (2048K)
 Metaspace       used 35324K, capacity 36389K, committed 36608K, reserved 1081344K
  class space    used 3476K, capacity 3806K, committed 3840K, reserved 1048576K
}
Event: 96,497 GC heap before
{Heap before GC invocations=32 (full 3):
 garbage-first heap   total 40960K, used 31271K [0x0000000707000000, 0x0000000800000000)
  region size 1024K, 21 young (21504K), 2 survivors (2048K)
 Metaspace       used 35423K, capacity 36475K, committed 36608K, reserved 1081344K
  class space    used 3478K, capacity 3809K, committed 3840K, reserved 1048576K
}
Event: 96,498 GC heap after
{Heap after GC invocations=33 (full 3):
 garbage-first heap   total 40960K, used 12567K [0x0000000707000000, 0x0000000800000000)
  region size 1024K, 2 young (2048K), 2 survivors (2048K)
 Metaspace       used 35423K, capacity 36475K, committed 36608K, reserved 1081344K
  class space    used 3478K, capacity 3809K, committed 3840K, reserved 1048576K
}
Event: 96,538 GC heap before
{Heap before GC invocations=33 (full 3):
 garbage-first heap   total 40960K, used 32023K [0x0000000707000000, 0x0000000800000000)
  region size 1024K, 21 young (21504K), 2 survivors (2048K)
 Metaspace       used 35495K, capacity 36476K, committed 36608K, reserved 1081344K
  class space    used 3478K, capacity 3809K, committed 3840K, reserved 1048576K
}
Event: 96,539 GC heap after
{Heap after GC invocations=34 (full 3):
 garbage-first heap   total 40960K, used 13418K [0x0000000707000000, 0x0000000800000000)
  region size 1024K, 3 young (3072K), 3 survivors (3072K)
 Metaspace       used 35495K, capacity 36476K, committed 36608K, reserved 1081344K
  class space    used 3478K, capacity 3809K, committed 3840K, reserved 1048576K
}
Event: 96,572 GC heap before
{Heap before GC invocations=34 (full 3):
 garbage-first heap   total 40960K, used 29802K [0x0000000707000000, 0x0000000800000000)
  region size 1024K, 20 young (20480K), 3 survivors (3072K)
 Metaspace       used 35529K, capacity 36604K, committed 36864K, reserved 1083392K
  class space    used 3478K, capacity 3809K, committed 3840K, reserved 1048576K
}
Event: 96,573 GC heap after
{Heap after GC invocations=35 (full 3):
 garbage-first heap   total 40960K, used 14179K [0x0000000707000000, 0x0000000800000000)
  region size 1024K, 3 young (3072K), 3 survivors (3072K)
 Metaspace       used 35529K, capacity 36604K, committed 36864K, reserved 1083392K
  class space    used 3478K, capacity 3809K, committed 3840K, reserved 1048576K
}
Event: 96,604 GC heap before
{Heap before GC invocations=35 (full 3):
 garbage-first heap   total 40960K, used 29539K [0x0000000707000000, 0x0000000800000000)
  region size 1024K, 19 young (19456K), 3 survivors (3072K)
 Metaspace       used 35586K, capacity 36604K, committed 36864K, reserved 1083392K
  class space    used 3478K, capacity 3809K, committed 3840K, reserved 1048576K
}
Event: 96,605 GC heap after
{Heap after GC invocations=36 (full 3):
 garbage-first heap   total 40960K, used 14936K [0x0000000707000000, 0x0000000800000000)
  region size 1024K, 3 young (3072K), 3 survivors (3072K)
 Metaspace       used 35586K, capacity 36604K, committed 36864K, reserved 1083392K
  class space    used 3478K, capacity 3809K, committed 3840K, reserved 1048576K
}
Event: 96,643 GC heap before
{Heap before GC invocations=36 (full 3):
 garbage-first heap   total 40960K, used 30296K [0x0000000707000000, 0x0000000800000000)
  region size 1024K, 18 young (18432K), 3 survivors (3072K)
 Metaspace       used 35612K, capacity 36608K, committed 36864K, reserved 1083392K
  class space    used 3478K, capacity 3809K, committed 3840K, reserved 1048576K
}
Event: 96,644 GC heap after
{Heap after GC invocations=37 (full 3):
 garbage-first heap   total 40960K, used 15581K [0x0000000707000000, 0x0000000800000000)
  region size 1024K, 3 young (3072K), 3 survivors (3072K)
 Metaspace       used 35612K, capacity 36608K, committed 36864K, reserved 1083392K
  class space    used 3478K, capacity 3809K, committed 3840K, reserved 1048576K
}

