# JRE version: OpenJDK Runtime Environment AdoptOpenJDK-dcevm-11.0.11+1-202105021744 (11.0.11+1) (build 11.0.11+1-202105021744)
# Java VM: Dynamic Code Evolution 64-Bit Server VM AdoptOpenJDK-dcevm-11.0.11+1-202105021744 (11.0.11+1-202105021744, mixed mode, tiered, compressed oops, g1 gc, linux-amd64)
Heap:
 garbage-first heap   total 37888K, used 17015K [0x0000000707000000, 0x0000000800000000)
  region size 1024K, 8 young (8192K), 1 survivors (1024K)
 Metaspace       used 35040K, capacity 36027K, committed 36096K, reserved 1081344K
  class space    used 3460K, capacity 3811K, committed 3840K, reserved 1048576K
GC Heap History (20 events):
Event: 3,252 GC heap before
{Heap before GC invocations=18 (full 2):
 garbage-first heap   total 27648K, used 19616K [0x0000000707000000, 0x0000000800000000)
  region size 1024K, 7 young (7168K), 1 survivors (1024K)
 Metaspace       used 32839K, capacity 33535K, committed 33920K, reserved 1079296K
  class space    used 3343K, capacity 3632K, committed 3712K, reserved 1048576K
}
Event: 3,252 GC heap after
{Heap after GC invocations=19 (full 2):
 garbage-first heap   total 27648K, used 14504K [0x0000000707000000, 0x0000000800000000)
  region size 1024K, 1 young (1024K), 1 survivors (1024K)
 Metaspace       used 32839K, capacity 33535K, committed 33920K, reserved 1079296K
  class space    used 3343K, capacity 3632K, committed 3712K, reserved 1048576K
}
Event: 3,278 GC heap before
{Heap before GC invocations=20 (full 2):
 garbage-first heap   total 27648K, used 19624K [0x0000000707000000, 0x0000000800000000)
  region size 1024K, 7 young (7168K), 1 survivors (1024K)
 Metaspace       used 32839K, capacity 33535K, committed 33920K, reserved 1079296K
  class space    used 3343K, capacity 3632K, committed 3712K, reserved 1048576K
}
Event: 3,279 GC heap after
{Heap after GC invocations=21 (full 2):
 garbage-first heap   total 27648K, used 14478K [0x0000000707000000, 0x0000000800000000)
  region size 1024K, 1 young (1024K), 1 survivors (1024K)
 Metaspace       used 32839K, capacity 33535K, committed 33920K, reserved 1079296K
  class space    used 3343K, capacity 3632K, committed 3712K, reserved 1048576K
}
Event: 3,299 GC heap before
{Heap before GC invocations=21 (full 2):
 garbage-first heap   total 27648K, used 19598K [0x0000000707000000, 0x0000000800000000)
  region size 1024K, 7 young (7168K), 1 survivors (1024K)
 Metaspace       used 32839K, capacity 33535K, committed 33920K, reserved 1079296K
  class space    used 3343K, capacity 3632K, committed 3712K, reserved 1048576K
}
Event: 3,299 GC heap after
{Heap after GC invocations=22 (full 2):
 garbage-first heap   total 27648K, used 14512K [0x0000000707000000, 0x0000000800000000)
  region size 1024K, 1 young (1024K), 1 survivors (1024K)
 Metaspace       used 32839K, capacity 33535K, committed 33920K, reserved 1079296K
  class space    used 3343K, capacity 3632K, committed 3712K, reserved 1048576K
}
Event: 3,322 GC heap before
{Heap before GC invocations=23 (full 2):
 garbage-first heap   total 27648K, used 20656K [0x0000000707000000, 0x0000000800000000)
  region size 1024K, 7 young (7168K), 1 survivors (1024K)
 Metaspace       used 32839K, capacity 33535K, committed 33920K, reserved 1079296K
  class space    used 3343K, capacity 3632K, committed 3712K, reserved 1048576K
}
Event: 3,322 GC heap after
{Heap after GC invocations=24 (full 2):
 garbage-first heap   total 27648K, used 14502K [0x0000000707000000, 0x0000000800000000)
  region size 1024K, 1 young (1024K), 1 survivors (1024K)
 Metaspace       used 32839K, capacity 33535K, committed 33920K, reserved 1079296K
  class space    used 3343K, capacity 3632K, committed 3712K, reserved 1048576K
}
Event: 3,325 GC heap before
{Heap before GC invocations=24 (full 2):
 garbage-first heap   total 27648K, used 14502K [0x0000000707000000, 0x0000000800000000)
  region size 1024K, 2 young (2048K), 1 survivors (1024K)
 Metaspace       used 32839K, capacity 33535K, committed 33920K, reserved 1079296K
  class space    used 3343K, capacity 3632K, committed 3712K, reserved 1048576K
}
Event: 3,326 GC heap after
{Heap after GC invocations=25 (full 2):
 garbage-first heap   total 142336K, used 14480K [0x0000000707000000, 0x0000000800000000)
  region size 1024K, 1 young (1024K), 1 survivors (1024K)
 Metaspace       used 32839K, capacity 33535K, committed 33920K, reserved 1079296K
  class space    used 3343K, capacity 3632K, committed 3712K, reserved 1048576K
}
Event: 3,645 GC heap before
{Heap before GC invocations=26 (full 2):
 garbage-first heap   total 142336K, used 126096K [0x0000000707000000, 0x0000000800000000)
  region size 1024K, 83 young (84992K), 1 survivors (1024K)
 Metaspace       used 33010K, capacity 33701K, committed 34176K, reserved 1079296K
  class space    used 3358K, capacity 3666K, committed 3712K, reserved 1048576K
}
Event: 3,646 GC heap after
{Heap after GC invocations=27 (full 2):
 garbage-first heap   total 142336K, used 23910K [0x0000000707000000, 0x0000000800000000)
  region size 1024K, 1 young (1024K), 1 survivors (1024K)
 Metaspace       used 33010K, capacity 33701K, committed 34176K, reserved 1079296K
  class space    used 3358K, capacity 3666K, committed 3712K, reserved 1048576K
}
Event: 3,755 GC heap before
{Heap before GC invocations=27 (full 2):
 garbage-first heap   total 142336K, used 107878K [0x0000000707000000, 0x0000000800000000)
  region size 1024K, 83 young (84992K), 1 survivors (1024K)
 Metaspace       used 33040K, capacity 33701K, committed 34176K, reserved 1079296K
  class space    used 3358K, capacity 3666K, committed 3712K, reserved 1048576K
}
Event: 3,756 GC heap after
{Heap after GC invocations=28 (full 2):
 garbage-first heap   total 142336K, used 23941K [0x0000000707000000, 0x0000000800000000)
  region size 1024K, 1 young (1024K), 1 survivors (1024K)
 Metaspace       used 33040K, capacity 33701K, committed 34176K, reserved 1079296K
  class space    used 3358K, capacity 3666K, committed 3712K, reserved 1048576K
}
Event: 3,771 GC heap before
{Heap before GC invocations=28 (full 2):
 garbage-first heap   total 142336K, used 40325K [0x0000000707000000, 0x0000000800000000)
  region size 1024K, 18 young (18432K), 1 survivors (1024K)
 Metaspace       used 33126K, capacity 33829K, committed 34176K, reserved 1079296K
  class space    used 3365K, capacity 3666K, committed 3712K, reserved 1048576K
}
Event: 3,787 GC heap after
{Heap after GC invocations=29 (full 3):
 garbage-first heap   total 37888K, used 10234K [0x0000000707000000, 0x0000000800000000)
  region size 1024K, 0 young (0K), 0 survivors (0K)
 Metaspace       used 33126K, capacity 33829K, committed 34176K, reserved 1079296K
  class space    used 3365K, capacity 3666K, committed 3712K, reserved 1048576K
}
Event: 12,114 GC heap before
{Heap before GC invocations=29 (full 3):
 garbage-first heap   total 37888K, used 30714K [0x0000000707000000, 0x0000000800000000)
  region size 1024K, 20 young (20480K), 0 survivors (0K)
 Metaspace       used 34908K, capacity 35893K, committed 36096K, reserved 1081344K
  class space    used 3458K, capacity 3810K, committed 3840K, reserved 1048576K
}
Event: 12,115 GC heap after
{Heap after GC invocations=30 (full 3):
 garbage-first heap   total 37888K, used 10886K [0x0000000707000000, 0x0000000800000000)
  region size 1024K, 1 young (1024K), 1 survivors (1024K)
 Metaspace       used 34908K, capacity 35893K, committed 36096K, reserved 1081344K
  class space    used 3458K, capacity 3810K, committed 3840K, reserved 1048576K
}
Event: 38,005 GC heap before
{Heap before GC invocations=30 (full 3):
 garbage-first heap   total 37888K, used 30342K [0x0000000707000000, 0x0000000800000000)
  region size 1024K, 20 young (20480K), 1 survivors (1024K)
 Metaspace       used 35039K, capacity 36027K, committed 36096K, reserved 1081344K
  class space    used 3460K, capacity 3811K, committed 3840K, reserved 1048576K
}
Event: 38,006 GC heap after
{Heap after GC invocations=31 (full 3):
 garbage-first heap   total 37888K, used 10871K [0x0000000707000000, 0x0000000800000000)
  region size 1024K, 1 young (1024K), 1 survivors (1024K)
 Metaspace       used 35039K, capacity 36027K, committed 36096K, reserved 1081344K
  class space    used 3460K, capacity 3811K, committed 3840K, reserved 1048576K
}

