# JRE version: OpenJDK Runtime Environment AdoptOpenJDK-dcevm-11.0.11+1-202105021744 (11.0.11+1) (build 11.0.11+1-202105021744)
# Java VM: Dynamic Code Evolution 64-Bit Server VM AdoptOpenJDK-dcevm-11.0.11+1-202105021744 (11.0.11+1-202105021744, mixed mode, tiered, compressed oops, g1 gc, linux-amd64)
Heap:
 garbage-first heap   total 147456K, used 36424K [0x0000000707000000, 0x0000000800000000)
  region size 1024K, 27 young (27648K), 1 survivors (1024K)
 Metaspace       used 35370K, capacity 36369K, committed 36608K, reserved 1081344K
  class space    used 3485K, capacity 3804K, committed 3840K, reserved 1048576K
GC Heap History (20 events):
Event: 3,232 GC heap before
{Heap before GC invocations=18 (full 2):
 garbage-first heap   total 27648K, used 19582K [0x0000000707000000, 0x0000000800000000)
  region size 1024K, 7 young (7168K), 1 survivors (1024K)
 Metaspace       used 32936K, capacity 33665K, committed 34176K, reserved 1079296K
  class space    used 3343K, capacity 3632K, committed 3712K, reserved 1048576K
}
Event: 3,233 GC heap after
{Heap after GC invocations=19 (full 2):
 garbage-first heap   total 27648K, used 14486K [0x0000000707000000, 0x0000000800000000)
  region size 1024K, 1 young (1024K), 1 survivors (1024K)
 Metaspace       used 32936K, capacity 33665K, committed 34176K, reserved 1079296K
  class space    used 3343K, capacity 3632K, committed 3712K, reserved 1048576K
}
Event: 3,256 GC heap before
{Heap before GC invocations=20 (full 2):
 garbage-first heap   total 27648K, used 20630K [0x0000000707000000, 0x0000000800000000)
  region size 1024K, 7 young (7168K), 1 survivors (1024K)
 Metaspace       used 32936K, capacity 33665K, committed 34176K, reserved 1079296K
  class space    used 3343K, capacity 3632K, committed 3712K, reserved 1048576K
}
Event: 3,257 GC heap after
{Heap after GC invocations=21 (full 2):
 garbage-first heap   total 27648K, used 14484K [0x0000000707000000, 0x0000000800000000)
  region size 1024K, 1 young (1024K), 1 survivors (1024K)
 Metaspace       used 32936K, capacity 33665K, committed 34176K, reserved 1079296K
  class space    used 3343K, capacity 3632K, committed 3712K, reserved 1048576K
}
Event: 3,277 GC heap before
{Heap before GC invocations=21 (full 2):
 garbage-first heap   total 27648K, used 19604K [0x0000000707000000, 0x0000000800000000)
  region size 1024K, 7 young (7168K), 1 survivors (1024K)
 Metaspace       used 32936K, capacity 33665K, committed 34176K, reserved 1079296K
  class space    used 3343K, capacity 3632K, committed 3712K, reserved 1048576K
}
Event: 3,277 GC heap after
{Heap after GC invocations=22 (full 2):
 garbage-first heap   total 27648K, used 14486K [0x0000000707000000, 0x0000000800000000)
  region size 1024K, 1 young (1024K), 1 survivors (1024K)
 Metaspace       used 32936K, capacity 33665K, committed 34176K, reserved 1079296K
  class space    used 3343K, capacity 3632K, committed 3712K, reserved 1048576K
}
Event: 3,301 GC heap before
{Heap before GC invocations=23 (full 2):
 garbage-first heap   total 27648K, used 19606K [0x0000000707000000, 0x0000000800000000)
  region size 1024K, 7 young (7168K), 1 survivors (1024K)
 Metaspace       used 32936K, capacity 33665K, committed 34176K, reserved 1079296K
  class space    used 3343K, capacity 3632K, committed 3712K, reserved 1048576K
}
Event: 3,301 GC heap after
{Heap after GC invocations=24 (full 2):
 garbage-first heap   total 27648K, used 14470K [0x0000000707000000, 0x0000000800000000)
  region size 1024K, 1 young (1024K), 1 survivors (1024K)
 Metaspace       used 32936K, capacity 33665K, committed 34176K, reserved 1079296K
  class space    used 3343K, capacity 3632K, committed 3712K, reserved 1048576K
}
Event: 3,304 GC heap before
{Heap before GC invocations=24 (full 2):
 garbage-first heap   total 27648K, used 14470K [0x0000000707000000, 0x0000000800000000)
  region size 1024K, 2 young (2048K), 1 survivors (1024K)
 Metaspace       used 32936K, capacity 33665K, committed 34176K, reserved 1079296K
  class space    used 3343K, capacity 3632K, committed 3712K, reserved 1048576K
}
Event: 3,305 GC heap after
{Heap after GC invocations=25 (full 2):
 garbage-first heap   total 142336K, used 14460K [0x0000000707000000, 0x0000000800000000)
  region size 1024K, 1 young (1024K), 1 survivors (1024K)
 Metaspace       used 32936K, capacity 33665K, committed 34176K, reserved 1079296K
  class space    used 3343K, capacity 3632K, committed 3712K, reserved 1048576K
}
Event: 3,613 GC heap before
{Heap before GC invocations=26 (full 2):
 garbage-first heap   total 142336K, used 126076K [0x0000000707000000, 0x0000000800000000)
  region size 1024K, 83 young (84992K), 1 survivors (1024K)
 Metaspace       used 33107K, capacity 33831K, committed 34176K, reserved 1079296K
  class space    used 3358K, capacity 3666K, committed 3712K, reserved 1048576K
}
Event: 3,614 GC heap after
{Heap after GC invocations=27 (full 2):
 garbage-first heap   total 142336K, used 23888K [0x0000000707000000, 0x0000000800000000)
  region size 1024K, 1 young (1024K), 1 survivors (1024K)
 Metaspace       used 33107K, capacity 33831K, committed 34176K, reserved 1079296K
  class space    used 3358K, capacity 3666K, committed 3712K, reserved 1048576K
}
Event: 3,729 GC heap before
{Heap before GC invocations=27 (full 2):
 garbage-first heap   total 142336K, used 107856K [0x0000000707000000, 0x0000000800000000)
  region size 1024K, 83 young (84992K), 1 survivors (1024K)
 Metaspace       used 33136K, capacity 33831K, committed 34176K, reserved 1079296K
  class space    used 3358K, capacity 3666K, committed 3712K, reserved 1048576K
}
Event: 3,729 GC heap after
{Heap after GC invocations=28 (full 2):
 garbage-first heap   total 142336K, used 23922K [0x0000000707000000, 0x0000000800000000)
  region size 1024K, 1 young (1024K), 1 survivors (1024K)
 Metaspace       used 33136K, capacity 33831K, committed 34176K, reserved 1079296K
  class space    used 3358K, capacity 3666K, committed 3712K, reserved 1048576K
}
Event: 3,745 GC heap before
{Heap before GC invocations=28 (full 2):
 garbage-first heap   total 142336K, used 40306K [0x0000000707000000, 0x0000000800000000)
  region size 1024K, 18 young (18432K), 1 survivors (1024K)
 Metaspace       used 33220K, capacity 33959K, committed 34432K, reserved 1079296K
  class space    used 3365K, capacity 3666K, committed 3712K, reserved 1048576K
}
Event: 3,761 GC heap after
{Heap after GC invocations=29 (full 3):
 garbage-first heap   total 37888K, used 10235K [0x0000000707000000, 0x0000000800000000)
  region size 1024K, 0 young (0K), 0 survivors (0K)
 Metaspace       used 33220K, capacity 33959K, committed 34432K, reserved 1079296K
  class space    used 3365K, capacity 3666K, committed 3712K, reserved 1048576K
}
Event: 4,519 GC heap before
{Heap before GC invocations=29 (full 3):
 garbage-first heap   total 37888K, used 30715K [0x0000000707000000, 0x0000000800000000)
  region size 1024K, 20 young (20480K), 0 survivors (0K)
 Metaspace       used 34836K, capacity 35683K, committed 35840K, reserved 1081344K
  class space    used 3477K, capacity 3795K, committed 3840K, reserved 1048576K
}
Event: 4,521 GC heap after
{Heap after GC invocations=30 (full 3):
 garbage-first heap   total 37888K, used 10800K [0x0000000707000000, 0x0000000800000000)
  region size 1024K, 1 young (1024K), 1 survivors (1024K)
 Metaspace       used 34836K, capacity 35683K, committed 35840K, reserved 1081344K
  class space    used 3477K, capacity 3795K, committed 3840K, reserved 1048576K
}
Event: 6,844 GC heap before
{Heap before GC invocations=30 (full 3):
 garbage-first heap   total 37888K, used 30256K [0x0000000707000000, 0x0000000800000000)
  region size 1024K, 20 young (20480K), 1 survivors (1024K)
 Metaspace       used 35073K, capacity 36057K, committed 36352K, reserved 1081344K
  class space    used 3478K, capacity 3796K, committed 3840K, reserved 1048576K
}
Event: 6,846 GC heap after
{Heap after GC invocations=31 (full 3):
 garbage-first heap   total 147456K, used 10824K [0x0000000707000000, 0x0000000800000000)
  region size 1024K, 1 young (1024K), 1 survivors (1024K)
 Metaspace       used 35073K, capacity 36057K, committed 36352K, reserved 1081344K
  class space    used 3478K, capacity 3796K, committed 3840K, reserved 1048576K
}

