# JRE version: OpenJDK Runtime Environment AdoptOpenJDK-dcevm-11.0.11+1-202105021744 (11.0.11+1) (build 11.0.11+1-202105021744)
# Java VM: Dynamic Code Evolution 64-Bit Server VM AdoptOpenJDK-dcevm-11.0.11+1-202105021744 (11.0.11+1-202105021744, mixed mode, tiered, compressed oops, g1 gc, linux-amd64)
Heap:
 garbage-first heap   total 37888K, used 22152K [0x0000000707000000, 0x0000000800000000)
  region size 1024K, 13 young (13312K), 1 survivors (1024K)
 Metaspace       used 35358K, capacity 36352K, committed 36608K, reserved 1081344K
  class space    used 3466K, capacity 3812K, committed 3840K, reserved 1048576K
GC Heap History (20 events):
Event: 3,881 GC heap before
{Heap before GC invocations=17 (full 2):
 garbage-first heap   total 27648K, used 22763K [0x0000000707000000, 0x0000000800000000)
  region size 1024K, 8 young (8192K), 1 survivors (1024K)
 Metaspace       used 33177K, capacity 33887K, committed 34176K, reserved 1079296K
  class space    used 3350K, capacity 3664K, committed 3712K, reserved 1048576K
}
Event: 3,882 GC heap after
{Heap after GC invocations=18 (full 2):
 garbage-first heap   total 27648K, used 14571K [0x0000000707000000, 0x0000000800000000)
  region size 1024K, 1 young (1024K), 1 survivors (1024K)
 Metaspace       used 33177K, capacity 33887K, committed 34176K, reserved 1079296K
  class space    used 3350K, capacity 3664K, committed 3712K, reserved 1048576K
}
Event: 3,909 GC heap before
{Heap before GC invocations=18 (full 2):
 garbage-first heap   total 27648K, used 19691K [0x0000000707000000, 0x0000000800000000)
  region size 1024K, 7 young (7168K), 1 survivors (1024K)
 Metaspace       used 33177K, capacity 33887K, committed 34176K, reserved 1079296K
  class space    used 3350K, capacity 3664K, committed 3712K, reserved 1048576K
}
Event: 3,909 GC heap after
{Heap after GC invocations=19 (full 2):
 garbage-first heap   total 27648K, used 14605K [0x0000000707000000, 0x0000000800000000)
  region size 1024K, 1 young (1024K), 1 survivors (1024K)
 Metaspace       used 33177K, capacity 33887K, committed 34176K, reserved 1079296K
  class space    used 3350K, capacity 3664K, committed 3712K, reserved 1048576K
}
Event: 3,937 GC heap before
{Heap before GC invocations=20 (full 2):
 garbage-first heap   total 27648K, used 20749K [0x0000000707000000, 0x0000000800000000)
  region size 1024K, 7 young (7168K), 1 survivors (1024K)
 Metaspace       used 33177K, capacity 33887K, committed 34176K, reserved 1079296K
  class space    used 3350K, capacity 3664K, committed 3712K, reserved 1048576K
}
Event: 3,938 GC heap after
{Heap after GC invocations=21 (full 2):
 garbage-first heap   total 27648K, used 14597K [0x0000000707000000, 0x0000000800000000)
  region size 1024K, 1 young (1024K), 1 survivors (1024K)
 Metaspace       used 33177K, capacity 33887K, committed 34176K, reserved 1079296K
  class space    used 3350K, capacity 3664K, committed 3712K, reserved 1048576K
}
Event: 3,959 GC heap before
{Heap before GC invocations=21 (full 2):
 garbage-first heap   total 27648K, used 19717K [0x0000000707000000, 0x0000000800000000)
  region size 1024K, 7 young (7168K), 1 survivors (1024K)
 Metaspace       used 33177K, capacity 33887K, committed 34176K, reserved 1079296K
  class space    used 3350K, capacity 3664K, committed 3712K, reserved 1048576K
}
Event: 3,959 GC heap after
{Heap after GC invocations=22 (full 2):
 garbage-first heap   total 27648K, used 14599K [0x0000000707000000, 0x0000000800000000)
  region size 1024K, 1 young (1024K), 1 survivors (1024K)
 Metaspace       used 33177K, capacity 33887K, committed 34176K, reserved 1079296K
  class space    used 3350K, capacity 3664K, committed 3712K, reserved 1048576K
}
Event: 3,983 GC heap before
{Heap before GC invocations=23 (full 2):
 garbage-first heap   total 27648K, used 19719K [0x0000000707000000, 0x0000000800000000)
  region size 1024K, 7 young (7168K), 1 survivors (1024K)
 Metaspace       used 33177K, capacity 33887K, committed 34176K, reserved 1079296K
  class space    used 3350K, capacity 3664K, committed 3712K, reserved 1048576K
}
Event: 3,984 GC heap after
{Heap after GC invocations=24 (full 2):
 garbage-first heap   total 27648K, used 14581K [0x0000000707000000, 0x0000000800000000)
  region size 1024K, 1 young (1024K), 1 survivors (1024K)
 Metaspace       used 33177K, capacity 33887K, committed 34176K, reserved 1079296K
  class space    used 3350K, capacity 3664K, committed 3712K, reserved 1048576K
}
Event: 3,986 GC heap before
{Heap before GC invocations=24 (full 2):
 garbage-first heap   total 27648K, used 14581K [0x0000000707000000, 0x0000000800000000)
  region size 1024K, 2 young (2048K), 1 survivors (1024K)
 Metaspace       used 33177K, capacity 33887K, committed 34176K, reserved 1079296K
  class space    used 3350K, capacity 3664K, committed 3712K, reserved 1048576K
}
Event: 3,987 GC heap after
{Heap after GC invocations=25 (full 2):
 garbage-first heap   total 142336K, used 14573K [0x0000000707000000, 0x0000000800000000)
  region size 1024K, 1 young (1024K), 1 survivors (1024K)
 Metaspace       used 33177K, capacity 33887K, committed 34176K, reserved 1079296K
  class space    used 3350K, capacity 3664K, committed 3712K, reserved 1048576K
}
Event: 4,327 GC heap before
{Heap before GC invocations=26 (full 2):
 garbage-first heap   total 142336K, used 126189K [0x0000000707000000, 0x0000000800000000)
  region size 1024K, 83 young (84992K), 1 survivors (1024K)
 Metaspace       used 33350K, capacity 34053K, committed 34432K, reserved 1079296K
  class space    used 3364K, capacity 3698K, committed 3712K, reserved 1048576K
}
Event: 4,328 GC heap after
{Heap after GC invocations=27 (full 2):
 garbage-first heap   total 142336K, used 24003K [0x0000000707000000, 0x0000000800000000)
  region size 1024K, 1 young (1024K), 1 survivors (1024K)
 Metaspace       used 33350K, capacity 34053K, committed 34432K, reserved 1079296K
  class space    used 3364K, capacity 3698K, committed 3712K, reserved 1048576K
}
Event: 4,450 GC heap before
{Heap before GC invocations=27 (full 2):
 garbage-first heap   total 142336K, used 107971K [0x0000000707000000, 0x0000000800000000)
  region size 1024K, 83 young (84992K), 1 survivors (1024K)
 Metaspace       used 33379K, capacity 34053K, committed 34432K, reserved 1079296K
  class space    used 3364K, capacity 3698K, committed 3712K, reserved 1048576K
}
Event: 4,451 GC heap after
{Heap after GC invocations=28 (full 2):
 garbage-first heap   total 142336K, used 24025K [0x0000000707000000, 0x0000000800000000)
  region size 1024K, 1 young (1024K), 1 survivors (1024K)
 Metaspace       used 33379K, capacity 34053K, committed 34432K, reserved 1079296K
  class space    used 3364K, capacity 3698K, committed 3712K, reserved 1048576K
}
Event: 4,468 GC heap before
{Heap before GC invocations=28 (full 2):
 garbage-first heap   total 142336K, used 40409K [0x0000000707000000, 0x0000000800000000)
  region size 1024K, 18 young (18432K), 1 survivors (1024K)
 Metaspace       used 33464K, capacity 34181K, committed 34432K, reserved 1079296K
  class space    used 3372K, capacity 3698K, committed 3712K, reserved 1048576K
}
Event: 4,485 GC heap after
{Heap after GC invocations=29 (full 3):
 garbage-first heap   total 37888K, used 10240K [0x0000000707000000, 0x0000000800000000)
  region size 1024K, 0 young (0K), 0 survivors (0K)
 Metaspace       used 33464K, capacity 34181K, committed 34432K, reserved 1079296K
  class space    used 3372K, capacity 3698K, committed 3712K, reserved 1048576K
}
Event: 16,026 GC heap before
{Heap before GC invocations=29 (full 3):
 garbage-first heap   total 37888K, used 30720K [0x0000000707000000, 0x0000000800000000)
  region size 1024K, 20 young (20480K), 0 survivors (0K)
 Metaspace       used 35264K, capacity 36224K, committed 36352K, reserved 1081344K
  class space    used 3466K, capacity 3812K, committed 3840K, reserved 1048576K
}
Event: 16,027 GC heap after
{Heap after GC invocations=30 (full 3):
 garbage-first heap   total 37888K, used 10888K [0x0000000707000000, 0x0000000800000000)
  region size 1024K, 1 young (1024K), 1 survivors (1024K)
 Metaspace       used 35264K, capacity 36224K, committed 36352K, reserved 1081344K
  class space    used 3466K, capacity 3812K, committed 3840K, reserved 1048576K
}

