# JRE version: OpenJDK Runtime Environment AdoptOpenJDK-dcevm-11.0.11+1-202105021744 (11.0.11+1) (build 11.0.11+1-202105021744)
# Java VM: Dynamic Code Evolution 64-Bit Server VM AdoptOpenJDK-dcevm-11.0.11+1-202105021744 (11.0.11+1-202105021744, mixed mode, tiered, compressed oops, g1 gc, linux-amd64)
Heap:
 garbage-first heap   total 40960K, used 18981K [0x0000000707000000, 0x0000000800000000)
  region size 1024K, 9 young (9216K), 1 survivors (1024K)
 Metaspace       used 35303K, capacity 36373K, committed 36608K, reserved 1081344K
  class space    used 3476K, capacity 3804K, committed 3840K, reserved 1048576K
GC Heap History (20 events):
Event: 3,413 GC heap before
{Heap before GC invocations=12 (full 2):
 garbage-first heap   total 27648K, used 20503K [0x0000000707000000, 0x0000000800000000)
  region size 1024K, 8 young (8192K), 1 survivors (1024K)
 Metaspace       used 32965K, capacity 33663K, committed 34176K, reserved 1079296K
  class space    used 3341K, capacity 3632K, committed 3712K, reserved 1048576K
}
Event: 3,414 GC heap after
{Heap after GC invocations=13 (full 2):
 garbage-first heap   total 27648K, used 13347K [0x0000000707000000, 0x0000000800000000)
  region size 1024K, 1 young (1024K), 1 survivors (1024K)
 Metaspace       used 32965K, capacity 33663K, committed 34176K, reserved 1079296K
  class space    used 3341K, capacity 3632K, committed 3712K, reserved 1048576K
}
Event: 3,430 GC heap before
{Heap before GC invocations=13 (full 2):
 garbage-first heap   total 27648K, used 19491K [0x0000000707000000, 0x0000000800000000)
  region size 1024K, 7 young (7168K), 1 survivors (1024K)
 Metaspace       used 32965K, capacity 33663K, committed 34176K, reserved 1079296K
  class space    used 3341K, capacity 3632K, committed 3712K, reserved 1048576K
}
Event: 3,431 GC heap after
{Heap after GC invocations=14 (full 2):
 garbage-first heap   total 27648K, used 13333K [0x0000000707000000, 0x0000000800000000)
  region size 1024K, 1 young (1024K), 1 survivors (1024K)
 Metaspace       used 32965K, capacity 33663K, committed 34176K, reserved 1079296K
  class space    used 3341K, capacity 3632K, committed 3712K, reserved 1048576K
}
Event: 3,440 GC heap before
{Heap before GC invocations=15 (full 2):
 garbage-first heap   total 27648K, used 15381K [0x0000000707000000, 0x0000000800000000)
  region size 1024K, 4 young (4096K), 1 survivors (1024K)
 Metaspace       used 32965K, capacity 33663K, committed 34176K, reserved 1079296K
  class space    used 3341K, capacity 3632K, committed 3712K, reserved 1048576K
}
Event: 3,441 GC heap after
{Heap after GC invocations=16 (full 2):
 garbage-first heap   total 27648K, used 13303K [0x0000000707000000, 0x0000000800000000)
  region size 1024K, 1 young (1024K), 1 survivors (1024K)
 Metaspace       used 32965K, capacity 33663K, committed 34176K, reserved 1079296K
  class space    used 3341K, capacity 3632K, committed 3712K, reserved 1048576K
}
Event: 3,464 GC heap before
{Heap before GC invocations=17 (full 2):
 garbage-first heap   total 27648K, used 23543K [0x0000000707000000, 0x0000000800000000)
  region size 1024K, 8 young (8192K), 1 survivors (1024K)
 Metaspace       used 32965K, capacity 33663K, committed 34176K, reserved 1079296K
  class space    used 3341K, capacity 3632K, committed 3712K, reserved 1048576K
}
Event: 3,465 GC heap after
{Heap after GC invocations=18 (full 2):
 garbage-first heap   total 142336K, used 15359K [0x0000000707000000, 0x0000000800000000)
  region size 1024K, 1 young (1024K), 1 survivors (1024K)
 Metaspace       used 32965K, capacity 33663K, committed 34176K, reserved 1079296K
  class space    used 3341K, capacity 3632K, committed 3712K, reserved 1048576K
}
Event: 3,694 GC heap before
{Heap before GC invocations=18 (full 2):
 garbage-first heap   total 142336K, used 103423K [0x0000000707000000, 0x0000000800000000)
  region size 1024K, 80 young (81920K), 1 survivors (1024K)
 Metaspace       used 32977K, capacity 33663K, committed 34176K, reserved 1079296K
  class space    used 3342K, capacity 3632K, committed 3712K, reserved 1048576K
}
Event: 3,694 GC heap after
{Heap after GC invocations=19 (full 2):
 garbage-first heap   total 142336K, used 18451K [0x0000000707000000, 0x0000000800000000)
  region size 1024K, 1 young (1024K), 1 survivors (1024K)
 Metaspace       used 32977K, capacity 33663K, committed 34176K, reserved 1079296K
  class space    used 3342K, capacity 3632K, committed 3712K, reserved 1048576K
}
Event: 3,791 GC heap before
{Heap before GC invocations=19 (full 2):
 garbage-first heap   total 142336K, used 63507K [0x0000000707000000, 0x0000000800000000)
  region size 1024K, 26 young (26624K), 1 survivors (1024K)
 Metaspace       used 33113K, capacity 33829K, committed 34176K, reserved 1079296K
  class space    used 3355K, capacity 3666K, committed 3712K, reserved 1048576K
}
Event: 3,805 GC heap after
{Heap after GC invocations=20 (full 3):
 garbage-first heap   total 40960K, used 11013K [0x0000000707000000, 0x0000000800000000)
  region size 1024K, 0 young (0K), 0 survivors (0K)
 Metaspace       used 33113K, capacity 33829K, committed 34176K, reserved 1079296K
  class space    used 3355K, capacity 3666K, committed 3712K, reserved 1048576K
}
Event: 4,326 GC heap before
{Heap before GC invocations=20 (full 3):
 garbage-first heap   total 40960K, used 29445K [0x0000000707000000, 0x0000000800000000)
  region size 1024K, 19 young (19456K), 0 survivors (0K)
 Metaspace       used 34562K, capacity 35325K, committed 35584K, reserved 1081344K
  class space    used 3465K, capacity 3792K, committed 3840K, reserved 1048576K
}
Event: 4,327 GC heap after
{Heap after GC invocations=21 (full 3):
 garbage-first heap   total 40960K, used 11569K [0x0000000707000000, 0x0000000800000000)
  region size 1024K, 1 young (1024K), 1 survivors (1024K)
 Metaspace       used 34562K, capacity 35325K, committed 35584K, reserved 1081344K
  class space    used 3465K, capacity 3792K, committed 3840K, reserved 1048576K
}
Event: 6,403 GC heap before
{Heap before GC invocations=21 (full 3):
 garbage-first heap   total 40960K, used 31025K [0x0000000707000000, 0x0000000800000000)
  region size 1024K, 20 young (20480K), 1 survivors (1024K)
 Metaspace       used 34968K, capacity 35857K, committed 36096K, reserved 1081344K
  class space    used 3468K, capacity 3796K, committed 3840K, reserved 1048576K
}
Event: 6,404 GC heap after
{Heap after GC invocations=22 (full 3):
 garbage-first heap   total 40960K, used 11602K [0x0000000707000000, 0x0000000800000000)
  region size 1024K, 1 young (1024K), 1 survivors (1024K)
 Metaspace       used 34968K, capacity 35857K, committed 36096K, reserved 1081344K
  class space    used 3468K, capacity 3796K, committed 3840K, reserved 1048576K
}
Event: 15,586 GC heap before
{Heap before GC invocations=22 (full 3):
 garbage-first heap   total 40960K, used 31058K [0x0000000707000000, 0x0000000800000000)
  region size 1024K, 20 young (20480K), 1 survivors (1024K)
 Metaspace       used 35251K, capacity 36301K, committed 36608K, reserved 1081344K
  class space    used 3475K, capacity 3804K, committed 3840K, reserved 1048576K
}
Event: 15,587 GC heap after
{Heap after GC invocations=23 (full 3):
 garbage-first heap   total 40960K, used 11772K [0x0000000707000000, 0x0000000800000000)
  region size 1024K, 1 young (1024K), 1 survivors (1024K)
 Metaspace       used 35251K, capacity 36301K, committed 36608K, reserved 1081344K
  class space    used 3475K, capacity 3804K, committed 3840K, reserved 1048576K
}
Event: 25,186 GC heap before
{Heap before GC invocations=23 (full 3):
 garbage-first heap   total 40960K, used 31228K [0x0000000707000000, 0x0000000800000000)
  region size 1024K, 20 young (20480K), 1 survivors (1024K)
 Metaspace       used 35301K, capacity 36373K, committed 36608K, reserved 1081344K
  class space    used 3475K, capacity 3804K, committed 3840K, reserved 1048576K
}
Event: 25,187 GC heap after
{Heap after GC invocations=24 (full 3):
 garbage-first heap   total 40960K, used 11813K [0x0000000707000000, 0x0000000800000000)
  region size 1024K, 1 young (1024K), 1 survivors (1024K)
 Metaspace       used 35301K, capacity 36373K, committed 36608K, reserved 1081344K
  class space    used 3475K, capacity 3804K, committed 3840K, reserved 1048576K
}

